This file contains any messages produced by compilers while
running configure, to aid debugging if configure makes a mistake.

It was created by gnome-settings-daemon configure 3.4.2, which was
generated by GNU Autoconf 2.68.  Invocation command line was

  $ ./configure --prefix=/usr --libexecdir=/usr/lib/gnome-settings-daemon

## --------- ##
## Platform. ##
## --------- ##

hostname = longwei
uname -m = x86_64
uname -r = 3.2.0-39-generic
uname -s = Linux
uname -v = #62-Ubuntu SMP Thu Feb 28 00:28:53 UTC 2013

/usr/bin/uname -p = unknown
/bin/uname -X     = unknown

/bin/arch              = unknown
/usr/bin/arch -k       = unknown
/usr/convex/getsysinfo = unknown
/usr/bin/hostinfo      = unknown
/bin/machine           = unknown
/usr/bin/oslevel       = unknown
/bin/universe          = unknown

PATH: /usr/lib/lightdm/lightdm
PATH: /usr/local/sbin
PATH: /usr/local/bin
PATH: /usr/sbin
PATH: /usr/bin
PATH: /sbin
PATH: /bin
PATH: /usr/games


## ----------- ##
## Core tests. ##
## ----------- ##

configure:2704: checking for a BSD-compatible install
configure:2772: result: /usr/bin/install -c
configure:2783: checking whether build environment is sane
configure:2833: result: yes
configure:2974: checking for a thread-safe mkdir -p
configure:3013: result: /bin/mkdir -p
configure:3026: checking for gawk
configure:3056: result: no
configure:3026: checking for mawk
configure:3042: found /usr/bin/mawk
configure:3053: result: mawk
configure:3064: checking whether make sets $(MAKE)
configure:3086: result: yes
configure:3161: checking how to create a ustar tar archive
configure:3174: tar --version
tar (GNU tar) 1.26
Copyright (C) 2011 Free Software Foundation, Inc.
License GPLv3+: GNU GPL version 3 or later <http://gnu.org/licenses/gpl.html>.
This is free software: you are free to change and redistribute it.
There is NO WARRANTY, to the extent permitted by law.

Written by John Gilmore and Jay Fenlason.
configure:3177: $? = 0
configure:3217: tardir=conftest.dir && eval tar --format=ustar -chf - "$tardir" >conftest.tar
configure:3220: $? = 0
configure:3224: tar -xf - <conftest.tar
configure:3227: $? = 0
configure:3240: result: gnutar
configure:3248: checking whether to enable maintainer-specific portions of Makefiles
configure:3257: result: yes
configure:3282: checking whether make supports nested variables
configure:3299: result: yes
configure:3329: checking for style of include used by make
configure:3357: result: GNU
configure:3428: checking for gcc
configure:3444: found /usr/bin/gcc
configure:3455: result: gcc
configure:3684: checking for C compiler version
configure:3693: gcc --version >&5
gcc (Ubuntu/Linaro 4.6.3-1ubuntu5) 4.6.3
Copyright (C) 2011 Free Software Foundation, Inc.
This is free software; see the source for copying conditions.  There is NO
warranty; not even for MERCHANTABILITY or FITNESS FOR A PARTICULAR PURPOSE.

configure:3704: $? = 0
configure:3693: gcc -v >&5
Using built-in specs.
COLLECT_GCC=gcc
COLLECT_LTO_WRAPPER=/usr/lib/gcc/x86_64-linux-gnu/4.6/lto-wrapper
Target: x86_64-linux-gnu
Configured with: ../src/configure -v --with-pkgversion='Ubuntu/Linaro 4.6.3-1ubuntu5' --with-bugurl=file:///usr/share/doc/gcc-4.6/README.Bugs --enable-languages=c,c++,fortran,objc,obj-c++ --prefix=/usr --program-suffix=-4.6 --enable-shared --enable-linker-build-id --with-system-zlib --libexecdir=/usr/lib --without-included-gettext --enable-threads=posix --with-gxx-include-dir=/usr/include/c++/4.6 --libdir=/usr/lib --enable-nls --with-sysroot=/ --enable-clocale=gnu --enable-libstdcxx-debug --enable-libstdcxx-time=yes --enable-gnu-unique-object --enable-plugin --enable-objc-gc --disable-werror --with-arch-32=i686 --with-tune=generic --enable-checking=release --build=x86_64-linux-gnu --host=x86_64-linux-gnu --target=x86_64-linux-gnu
Thread model: posix
gcc version 4.6.3 (Ubuntu/Linaro 4.6.3-1ubuntu5) 
configure:3704: $? = 0
configure:3693: gcc -V >&5
gcc: error: unrecognized option '-V'
gcc: fatal error: no input files
compilation terminated.
configure:3704: $? = 4
configure:3693: gcc -qversion >&5
gcc: error: unrecognized option '-qversion'
gcc: fatal error: no input files
compilation terminated.
configure:3704: $? = 4
configure:3724: checking whether the C compiler works
configure:3746: gcc    conftest.c  >&5
configure:3750: $? = 0
configure:3798: result: yes
configure:3801: checking for C compiler default output file name
configure:3803: result: a.out
configure:3809: checking for suffix of executables
configure:3816: gcc -o conftest    conftest.c  >&5
configure:3820: $? = 0
configure:3842: result: 
configure:3864: checking whether we are cross compiling
configure:3872: gcc -o conftest    conftest.c  >&5
configure:3876: $? = 0
configure:3883: ./conftest
configure:3887: $? = 0
configure:3902: result: no
configure:3907: checking for suffix of object files
configure:3929: gcc -c   conftest.c >&5
configure:3933: $? = 0
configure:3954: result: o
configure:3958: checking whether we are using the GNU C compiler
configure:3977: gcc -c   conftest.c >&5
configure:3977: $? = 0
configure:3986: result: yes
configure:3995: checking whether gcc accepts -g
configure:4015: gcc -c -g  conftest.c >&5
configure:4015: $? = 0
configure:4056: result: yes
configure:4073: checking for gcc option to accept ISO C89
configure:4137: gcc  -c -g -O2  conftest.c >&5
configure:4137: $? = 0
configure:4150: result: none needed
configure:4172: checking dependency style of gcc
configure:4283: result: gcc3
configure:4304: checking how to run the C preprocessor
configure:4335: gcc -E  conftest.c
configure:4335: $? = 0
configure:4349: gcc -E  conftest.c
conftest.c:11:28: fatal error: ac_nonexistent.h: No such file or directory
compilation terminated.
configure:4349: $? = 1
configure: failed program was:
| /* confdefs.h */
| #define PACKAGE_NAME "gnome-settings-daemon"
| #define PACKAGE_TARNAME "gnome-settings-daemon"
| #define PACKAGE_VERSION "3.4.2"
| #define PACKAGE_STRING "gnome-settings-daemon 3.4.2"
| #define PACKAGE_BUGREPORT "http://bugzilla.gnome.org/enter_bug.cgi?product=gnome-settings-daemon"
| #define PACKAGE_URL ""
| #define PACKAGE "gnome-settings-daemon"
| #define VERSION "3.4.2"
| /* end confdefs.h.  */
| #include <ac_nonexistent.h>
configure:4374: result: gcc -E
configure:4394: gcc -E  conftest.c
configure:4394: $? = 0
configure:4408: gcc -E  conftest.c
conftest.c:11:28: fatal error: ac_nonexistent.h: No such file or directory
compilation terminated.
configure:4408: $? = 1
configure: failed program was:
| /* confdefs.h */
| #define PACKAGE_NAME "gnome-settings-daemon"
| #define PACKAGE_TARNAME "gnome-settings-daemon"
| #define PACKAGE_VERSION "3.4.2"
| #define PACKAGE_STRING "gnome-settings-daemon 3.4.2"
| #define PACKAGE_BUGREPORT "http://bugzilla.gnome.org/enter_bug.cgi?product=gnome-settings-daemon"
| #define PACKAGE_URL ""
| #define PACKAGE "gnome-settings-daemon"
| #define VERSION "3.4.2"
| /* end confdefs.h.  */
| #include <ac_nonexistent.h>
configure:4437: checking for grep that handles long lines and -e
configure:4495: result: /bin/grep
configure:4500: checking for egrep
configure:4562: result: /bin/grep -E
configure:4567: checking for ANSI C header files
configure:4587: gcc -c -g -O2  conftest.c >&5
configure:4587: $? = 0
configure:4660: gcc -o conftest -g -O2   conftest.c  >&5
configure:4660: $? = 0
configure:4660: ./conftest
configure:4660: $? = 0
configure:4671: result: yes
configure:4737: checking for g++
configure:4753: found /usr/bin/g++
configure:4764: result: g++
configure:4791: checking for C++ compiler version
configure:4800: g++ --version >&5
g++ (Ubuntu/Linaro 4.6.3-1ubuntu5) 4.6.3
Copyright (C) 2011 Free Software Foundation, Inc.
This is free software; see the source for copying conditions.  There is NO
warranty; not even for MERCHANTABILITY or FITNESS FOR A PARTICULAR PURPOSE.

configure:4811: $? = 0
configure:4800: g++ -v >&5
Using built-in specs.
COLLECT_GCC=g++
COLLECT_LTO_WRAPPER=/usr/lib/gcc/x86_64-linux-gnu/4.6/lto-wrapper
Target: x86_64-linux-gnu
Configured with: ../src/configure -v --with-pkgversion='Ubuntu/Linaro 4.6.3-1ubuntu5' --with-bugurl=file:///usr/share/doc/gcc-4.6/README.Bugs --enable-languages=c,c++,fortran,objc,obj-c++ --prefix=/usr --program-suffix=-4.6 --enable-shared --enable-linker-build-id --with-system-zlib --libexecdir=/usr/lib --without-included-gettext --enable-threads=posix --with-gxx-include-dir=/usr/include/c++/4.6 --libdir=/usr/lib --enable-nls --with-sysroot=/ --enable-clocale=gnu --enable-libstdcxx-debug --enable-libstdcxx-time=yes --enable-gnu-unique-object --enable-plugin --enable-objc-gc --disable-werror --with-arch-32=i686 --with-tune=generic --enable-checking=release --build=x86_64-linux-gnu --host=x86_64-linux-gnu --target=x86_64-linux-gnu
Thread model: posix
gcc version 4.6.3 (Ubuntu/Linaro 4.6.3-1ubuntu5) 
configure:4811: $? = 0
configure:4800: g++ -V >&5
g++: error: unrecognized option '-V'
g++: fatal error: no input files
compilation terminated.
configure:4811: $? = 4
configure:4800: g++ -qversion >&5
g++: error: unrecognized option '-qversion'
g++: fatal error: no input files
compilation terminated.
configure:4811: $? = 4
configure:4815: checking whether we are using the GNU C++ compiler
configure:4834: g++ -c   conftest.cpp >&5
configure:4834: $? = 0
configure:4843: result: yes
configure:4852: checking whether g++ accepts -g
configure:4872: g++ -c -g  conftest.cpp >&5
configure:4872: $? = 0
configure:4913: result: yes
configure:4938: checking dependency style of g++
configure:5049: result: gcc3
configure:5065: checking whether gcc and cc understand -c and -o together
configure:5096: gcc -c conftest.c -o conftest2.o >&5
configure:5100: $? = 0
configure:5106: gcc -c conftest.c -o conftest2.o >&5
configure:5110: $? = 0
configure:5121: cc -c conftest.c >&5
configure:5125: $? = 0
configure:5133: cc -c conftest.c -o conftest2.o >&5
configure:5137: $? = 0
configure:5143: cc -c conftest.c -o conftest2.o >&5
configure:5147: $? = 0
configure:5165: result: yes
configure:5219: checking build system type
configure:5233: result: x86_64-unknown-linux-gnu
configure:5253: checking host system type
configure:5266: result: x86_64-unknown-linux-gnu
configure:5307: checking how to print strings
configure:5334: result: printf
configure:5355: checking for a sed that does not truncate output
configure:5419: result: /bin/sed
configure:5437: checking for fgrep
configure:5499: result: /bin/grep -F
configure:5534: checking for ld used by gcc
configure:5601: result: /usr/bin/ld
configure:5608: checking if the linker (/usr/bin/ld) is GNU ld
configure:5623: result: yes
configure:5635: checking for BSD- or MS-compatible name lister (nm)
configure:5684: result: /usr/bin/nm -B
configure:5814: checking the name lister (/usr/bin/nm -B) interface
configure:5821: gcc -c -g -O2  conftest.c >&5
configure:5824: /usr/bin/nm -B "conftest.o"
configure:5827: output
0000000000000000 B some_variable
configure:5834: result: BSD nm
configure:5837: checking whether ln -s works
configure:5841: result: yes
configure:5849: checking the maximum length of command line arguments
configure:5979: result: 1572864
configure:5996: checking whether the shell understands some XSI constructs
configure:6006: result: yes
configure:6010: checking whether the shell understands "+="
configure:6016: result: yes
configure:6051: checking how to convert x86_64-unknown-linux-gnu file names to x86_64-unknown-linux-gnu format
configure:6091: result: func_convert_file_noop
configure:6098: checking how to convert x86_64-unknown-linux-gnu file names to toolchain format
configure:6118: result: func_convert_file_noop
configure:6125: checking for /usr/bin/ld option to reload object files
configure:6132: result: -r
configure:6206: checking for objdump
configure:6222: found /usr/bin/objdump
configure:6233: result: objdump
configure:6265: checking how to recognize dependent libraries
configure:6467: result: pass_all
configure:6552: checking for dlltool
configure:6582: result: no
configure:6612: checking how to associate runtime and link libraries
configure:6639: result: printf %s\n
configure:6699: checking for ar
configure:6715: found /usr/bin/ar
configure:6726: result: ar
configure:6763: checking for archiver @FILE support
configure:6780: gcc -c -g -O2  conftest.c >&5
configure:6780: $? = 0
configure:6783: ar cru libconftest.a @conftest.lst >&5
configure:6786: $? = 0
configure:6791: ar cru libconftest.a @conftest.lst >&5
ar: conftest.o: No such file or directory
configure:6794: $? = 1
configure:6806: result: @
configure:6864: checking for strip
configure:6880: found /usr/bin/strip
configure:6891: result: strip
configure:6963: checking for ranlib
configure:6979: found /usr/bin/ranlib
configure:6990: result: ranlib
configure:7092: checking command to parse /usr/bin/nm -B output from gcc object
configure:7212: gcc -c -g -O2  conftest.c >&5
configure:7215: $? = 0
configure:7219: /usr/bin/nm -B conftest.o \| sed -n -e 's/^.*[ ]\([ABCDGIRSTW][ABCDGIRSTW]*\)[ ][ ]*\([_A-Za-z][_A-Za-z0-9]*\)$/\1 \2 \2/p' | sed '/ __gnu_lto/d' \> conftest.nm
configure:7222: $? = 0
configure:7288: gcc -o conftest -g -O2   conftest.c conftstm.o >&5
configure:7291: $? = 0
configure:7329: result: ok
configure:7366: checking for sysroot
configure:7396: result: no
configure:7473: gcc -c -g -O2  conftest.c >&5
configure:7476: $? = 0
configure:7652: checking for mt
configure:7668: found /bin/mt
configure:7679: result: mt
configure:7702: checking if mt is a manifest tool
configure:7708: mt '-?'
configure:7716: result: no
configure:8358: checking for sys/types.h
configure:8358: gcc -c -g -O2  conftest.c >&5
configure:8358: $? = 0
configure:8358: result: yes
configure:8358: checking for sys/stat.h
configure:8358: gcc -c -g -O2  conftest.c >&5
configure:8358: $? = 0
configure:8358: result: yes
configure:8358: checking for stdlib.h
configure:8358: gcc -c -g -O2  conftest.c >&5
configure:8358: $? = 0
configure:8358: result: yes
configure:8358: checking for string.h
configure:8358: gcc -c -g -O2  conftest.c >&5
configure:8358: $? = 0
configure:8358: result: yes
configure:8358: checking for memory.h
configure:8358: gcc -c -g -O2  conftest.c >&5
configure:8358: $? = 0
configure:8358: result: yes
configure:8358: checking for strings.h
configure:8358: gcc -c -g -O2  conftest.c >&5
configure:8358: $? = 0
configure:8358: result: yes
configure:8358: checking for inttypes.h
configure:8358: gcc -c -g -O2  conftest.c >&5
configure:8358: $? = 0
configure:8358: result: yes
configure:8358: checking for stdint.h
configure:8358: gcc -c -g -O2  conftest.c >&5
configure:8358: $? = 0
configure:8358: result: yes
configure:8358: checking for unistd.h
configure:8358: gcc -c -g -O2  conftest.c >&5
configure:8358: $? = 0
configure:8358: result: yes
configure:8372: checking for dlfcn.h
configure:8372: gcc -c -g -O2  conftest.c >&5
configure:8372: $? = 0
configure:8372: result: yes
configure:8589: checking for objdir
configure:8604: result: .libs
configure:8871: checking if gcc supports -fno-rtti -fno-exceptions
configure:8889: gcc -c -g -O2  -fno-rtti -fno-exceptions conftest.c >&5
cc1: warning: command line option '-fno-rtti' is valid for C++/ObjC++ but not for C [enabled by default]
configure:8893: $? = 0
configure:8906: result: no
configure:9233: checking for gcc option to produce PIC
configure:9240: result: -fPIC -DPIC
configure:9248: checking if gcc PIC flag -fPIC -DPIC works
configure:9266: gcc -c -g -O2  -fPIC -DPIC -DPIC conftest.c >&5
configure:9270: $? = 0
configure:9283: result: yes
configure:9312: checking if gcc static flag -static works
configure:9340: result: yes
configure:9355: checking if gcc supports -c -o file.o
configure:9376: gcc -c -g -O2  -o out/conftest2.o conftest.c >&5
configure:9380: $? = 0
configure:9402: result: yes
configure:9410: checking if gcc supports -c -o file.o
configure:9457: result: yes
configure:9490: checking whether the gcc linker (/usr/bin/ld -m elf_x86_64) supports shared libraries
configure:10647: result: yes
configure:10684: checking whether -lc should be explicitly linked in
configure:10692: gcc -c -g -O2  conftest.c >&5
configure:10695: $? = 0
configure:10710: gcc -shared  -fPIC -DPIC conftest.o  -v -Wl,-soname -Wl,conftest -o conftest 2\>\&1 \| /bin/grep  -lc  \>/dev/null 2\>\&1
configure:10713: $? = 0
configure:10727: result: no
configure:10887: checking dynamic linker characteristics
configure:11398: gcc -o conftest -g -O2   -Wl,-rpath -Wl,/foo conftest.c  >&5
configure:11398: $? = 0
configure:11632: result: GNU/Linux ld.so
configure:11739: checking how to hardcode library paths into programs
configure:11764: result: immediate
configure:12304: checking whether stripping libraries is possible
configure:12309: result: yes
configure:12344: checking if libtool supports shared libraries
configure:12346: result: yes
configure:12349: checking whether to build shared libraries
configure:12370: result: yes
configure:12373: checking whether to build static libraries
configure:12377: result: yes
configure:12400: checking how to run the C++ preprocessor
configure:12427: g++ -E  conftest.cpp
configure:12427: $? = 0
configure:12441: g++ -E  conftest.cpp
conftest.cpp:23:28: fatal error: ac_nonexistent.h: No such file or directory
compilation terminated.
configure:12441: $? = 1
configure: failed program was:
| /* confdefs.h */
| #define PACKAGE_NAME "gnome-settings-daemon"
| #define PACKAGE_TARNAME "gnome-settings-daemon"
| #define PACKAGE_VERSION "3.4.2"
| #define PACKAGE_STRING "gnome-settings-daemon 3.4.2"
| #define PACKAGE_BUGREPORT "http://bugzilla.gnome.org/enter_bug.cgi?product=gnome-settings-daemon"
| #define PACKAGE_URL ""
| #define PACKAGE "gnome-settings-daemon"
| #define VERSION "3.4.2"
| #define STDC_HEADERS 1
| #define HAVE_SYS_TYPES_H 1
| #define HAVE_SYS_STAT_H 1
| #define HAVE_STDLIB_H 1
| #define HAVE_STRING_H 1
| #define HAVE_MEMORY_H 1
| #define HAVE_STRINGS_H 1
| #define HAVE_INTTYPES_H 1
| #define HAVE_STDINT_H 1
| #define HAVE_UNISTD_H 1
| #define HAVE_DLFCN_H 1
| #define LT_OBJDIR ".libs/"
| /* end confdefs.h.  */
| #include <ac_nonexistent.h>
configure:12466: result: g++ -E
configure:12486: g++ -E  conftest.cpp
configure:12486: $? = 0
configure:12500: g++ -E  conftest.cpp
conftest.cpp:23:28: fatal error: ac_nonexistent.h: No such file or directory
compilation terminated.
configure:12500: $? = 1
configure: failed program was:
| /* confdefs.h */
| #define PACKAGE_NAME "gnome-settings-daemon"
| #define PACKAGE_TARNAME "gnome-settings-daemon"
| #define PACKAGE_VERSION "3.4.2"
| #define PACKAGE_STRING "gnome-settings-daemon 3.4.2"
| #define PACKAGE_BUGREPORT "http://bugzilla.gnome.org/enter_bug.cgi?product=gnome-settings-daemon"
| #define PACKAGE_URL ""
| #define PACKAGE "gnome-settings-daemon"
| #define VERSION "3.4.2"
| #define STDC_HEADERS 1
| #define HAVE_SYS_TYPES_H 1
| #define HAVE_SYS_STAT_H 1
| #define HAVE_STDLIB_H 1
| #define HAVE_STRING_H 1
| #define HAVE_MEMORY_H 1
| #define HAVE_STRINGS_H 1
| #define HAVE_INTTYPES_H 1
| #define HAVE_STDINT_H 1
| #define HAVE_UNISTD_H 1
| #define HAVE_DLFCN_H 1
| #define LT_OBJDIR ".libs/"
| /* end confdefs.h.  */
| #include <ac_nonexistent.h>
configure:12669: checking for ld used by g++
configure:12736: result: /usr/bin/ld -m elf_x86_64
configure:12743: checking if the linker (/usr/bin/ld -m elf_x86_64) is GNU ld
configure:12758: result: yes
configure:12813: checking whether the g++ linker (/usr/bin/ld -m elf_x86_64) supports shared libraries
configure:13818: result: yes
configure:13854: g++ -c -g -O2  conftest.cpp >&5
configure:13857: $? = 0
configure:14377: checking for g++ option to produce PIC
configure:14384: result: -fPIC -DPIC
configure:14392: checking if g++ PIC flag -fPIC -DPIC works
configure:14410: g++ -c -g -O2  -fPIC -DPIC -DPIC conftest.cpp >&5
configure:14414: $? = 0
configure:14427: result: yes
configure:14450: checking if g++ static flag -static works
configure:14478: result: yes
configure:14490: checking if g++ supports -c -o file.o
configure:14511: g++ -c -g -O2  -o out/conftest2.o conftest.cpp >&5
configure:14515: $? = 0
configure:14537: result: yes
configure:14542: checking if g++ supports -c -o file.o
configure:14589: result: yes
configure:14619: checking whether the g++ linker (/usr/bin/ld -m elf_x86_64) supports shared libraries
configure:14658: result: yes
configure:14799: checking dynamic linker characteristics
configure:15478: result: GNU/Linux ld.so
configure:15531: checking how to hardcode library paths into programs
configure:15556: result: immediate
configure:15618: checking for ANSI C header files
configure:15722: result: yes
configure:15737: checking whether NLS is requested
configure:15746: result: yes
configure:15764: checking for intltool >= 0.37.1
configure:15766: result: 0.50.2 found
configure:15774: checking for intltool-update
configure:15792: found /usr/bin/intltool-update
configure:15804: result: /usr/bin/intltool-update
configure:15814: checking for intltool-merge
configure:15832: found /usr/bin/intltool-merge
configure:15844: result: /usr/bin/intltool-merge
configure:15854: checking for intltool-extract
configure:15872: found /usr/bin/intltool-extract
configure:15884: result: /usr/bin/intltool-extract
configure:16038: checking for xgettext
configure:16056: found /usr/bin/xgettext
configure:16068: result: /usr/bin/xgettext
configure:16078: checking for msgmerge
configure:16096: found /usr/bin/msgmerge
configure:16108: result: /usr/bin/msgmerge
configure:16118: checking for msgfmt
configure:16136: found /usr/bin/msgfmt
configure:16148: result: /usr/bin/msgfmt
configure:16158: checking for gmsgfmt
configure:16189: result: /usr/bin/msgfmt
configure:16209: checking for perl
configure:16227: found /usr/bin/perl
configure:16239: result: /usr/bin/perl
configure:16250: checking for perl >= 5.8.1
configure:16257: result: 5.14.2
configure:16261: checking for XML::Parser
configure:16264: result: ok
configure:16289: gcc -o conftest -g -O2   conftest.c  >&5
configure:16289: $? = 0
configure:16327: checking locale.h usability
configure:16327: gcc -c -g -O2  conftest.c >&5
configure:16327: $? = 0
configure:16327: result: yes
configure:16327: checking locale.h presence
configure:16327: gcc -E  conftest.c
configure:16327: $? = 0
configure:16327: result: yes
configure:16327: checking for locale.h
configure:16327: result: yes
configure:16338: checking for LC_MESSAGES
configure:16354: gcc -o conftest -g -O2   conftest.c  >&5
configure:16354: $? = 0
configure:16362: result: yes
configure:16379: checking libintl.h usability
configure:16379: gcc -c -g -O2  conftest.c >&5
configure:16379: $? = 0
configure:16379: result: yes
configure:16379: checking libintl.h presence
configure:16379: gcc -E  conftest.c
configure:16379: $? = 0
configure:16379: result: yes
configure:16379: checking for libintl.h
configure:16379: result: yes
configure:16387: checking for ngettext in libc
configure:16405: gcc -o conftest -g -O2   conftest.c  >&5
configure:16405: $? = 0
configure:16414: result: yes
configure:16418: checking for dgettext in libc
configure:16436: gcc -o conftest -g -O2   conftest.c  >&5
configure:16436: $? = 0
configure:16445: result: yes
configure:16452: checking for bind_textdomain_codeset
configure:16452: gcc -o conftest -g -O2   conftest.c  >&5
configure:16452: $? = 0
configure:16452: result: yes
configure:16728: checking for msgfmt
configure:16755: result: /usr/bin/msgfmt
configure:16766: checking for dcgettext
configure:16766: gcc -o conftest -g -O2   conftest.c   >&5
conftest.c:52:6: warning: conflicting types for built-in function 'dcgettext' [enabled by default]
configure:16766: $? = 0
configure:16766: result: yes
configure:16776: checking if msgfmt accepts -c
configure:16791: $MSGFMT -c -o /dev/null conftest.foo
configure:16794: $? = 0
configure:16796: result: yes
configure:16806: checking for gmsgfmt
configure:16837: result: /usr/bin/msgfmt
configure:16847: checking for xgettext
configure:16874: result: /usr/bin/xgettext
configure:16893: gcc -o conftest -g -O2   conftest.c   >&5
configure:16893: $? = 0
configure:17122: checking what warning flags to pass to the C compiler
configure:17124: result: -Wall -Wmissing-prototypes
configure:17135: checking what language compliance flags to pass to the C compiler
configure:17150: result: 
configure:17211: checking for pkg-config
configure:17229: found /usr/bin/pkg-config
configure:17241: result: /usr/bin/pkg-config
configure:17266: checking pkg-config is at least version 0.9.0
configure:17269: result: yes
configure:17279: checking for SETTINGS_DAEMON
configure:17293: $PKG_CONFIG --exists --print-errors "glib-2.0 >= $GLIB_REQUIRED_VERSION
        gtk+-3.0 >= $GTK_REQUIRED_VERSION
        gio-2.0 >= $GIO_REQUIRED_VERSION
        gconf-2.0 >= $GCONF_REQUIRED_VERSION
        gmodule-2.0
        gthread-2.0
	gsettings-desktop-schemas >= 3.3.0
"
configure:17303: $? = 0
configure:17331: $PKG_CONFIG --exists --print-errors "glib-2.0 >= $GLIB_REQUIRED_VERSION
        gtk+-3.0 >= $GTK_REQUIRED_VERSION
        gio-2.0 >= $GIO_REQUIRED_VERSION
        gconf-2.0 >= $GCONF_REQUIRED_VERSION
        gmodule-2.0
        gthread-2.0
	gsettings-desktop-schemas >= 3.3.0
"
configure:17341: $? = 0
configure:17427: result: yes
configure:17434: checking for SETTINGS_PLUGIN
configure:17446: $PKG_CONFIG --exists --print-errors "gtk+-3.0 >= $GTK_REQUIRED_VERSION
        gconf-2.0 >= $GCONF_REQUIRED_VERSION
        gio-2.0 >= $GIO_REQUIRED_VERSION
        gsettings-desktop-schemas
        x11
"
configure:17454: $? = 0
configure:17478: $PKG_CONFIG --exists --print-errors "gtk+-3.0 >= $GTK_REQUIRED_VERSION
        gconf-2.0 >= $GCONF_REQUIRED_VERSION
        gio-2.0 >= $GIO_REQUIRED_VERSION
        gsettings-desktop-schemas
        x11
"
configure:17486: $? = 0
configure:17564: result: yes
configure:17579: checking for glib-genmarshal
configure:17597: found /usr/bin/glib-genmarshal
configure:17609: result: /usr/bin/glib-genmarshal
configure:17685: checking for pkg-config
configure:17715: result: /usr/bin/pkg-config
configure:17740: checking pkg-config is at least version 0.16
configure:17743: result: yes
configure:17854: checking for GNOME_DESKTOP
configure:17861: $PKG_CONFIG --exists --print-errors "gnome-desktop-3.0 >= $GNOME_DESKTOP_REQUIRED_VERSION"
configure:17864: $? = 0
configure:17878: $PKG_CONFIG --exists --print-errors "gnome-desktop-3.0 >= $GNOME_DESKTOP_REQUIRED_VERSION"
configure:17881: $? = 0
configure:17939: result: yes
configure:17947: checking for LIBXML2
configure:17954: $PKG_CONFIG --exists --print-errors "libxml-2.0 >= $LIBXML2_REQUIRED_VERSION"
configure:17957: $? = 0
configure:17971: $PKG_CONFIG --exists --print-errors "libxml-2.0 >= $LIBXML2_REQUIRED_VERSION"
configure:17974: $? = 0
configure:18032: result: yes
configure:18039: checking for LCMS
configure:18046: $PKG_CONFIG --exists --print-errors "lcms2 >= 2.2"
configure:18049: $? = 0
configure:18063: $PKG_CONFIG --exists --print-errors "lcms2 >= 2.2"
configure:18066: $? = 0
configure:18104: result: yes
configure:18209: checking for LIBNOTIFY
configure:18216: $PKG_CONFIG --exists --print-errors "libnotify >= $LIBNOTIFY_REQUIRED_VERSION"
configure:18219: $? = 0
configure:18233: $PKG_CONFIG --exists --print-errors "libnotify >= $LIBNOTIFY_REQUIRED_VERSION"
configure:18236: $? = 0
configure:18274: result: yes
configure:18313: checking for GUDEV
configure:18320: $PKG_CONFIG --exists --print-errors "gudev-1.0"
configure:18323: $? = 0
configure:18337: $PKG_CONFIG --exists --print-errors "gudev-1.0"
configure:18340: $? = 0
configure:18378: result: yes
configure:18407: checking for COMMON
configure:18414: $PKG_CONFIG --exists --print-errors "x11 kbproto xi"
configure:18417: $? = 0
configure:18431: $PKG_CONFIG --exists --print-errors "x11 kbproto xi"
configure:18434: $? = 0
configure:18492: result: yes
configure:18500: checking for AUTOMOUNT
configure:18507: $PKG_CONFIG --exists --print-errors "x11 kbproto"
configure:18510: $? = 0
configure:18524: $PKG_CONFIG --exists --print-errors "x11 kbproto"
configure:18527: $? = 0
configure:18585: result: yes
configure:18602: $PKG_CONFIG --exists --print-errors "appindicator3-0.1 >= $APPINDICATOR_REQUIRED_VERSION"
configure:18605: $? = 0
configure:18616: checking for APPINDICATOR
configure:18623: $PKG_CONFIG --exists --print-errors "appindicator3-0.1 >= $APPINDICATOR_REQUIRED_VERSION"
configure:18626: $? = 0
configure:18640: $PKG_CONFIG --exists --print-errors "appindicator3-0.1 >= $APPINDICATOR_REQUIRED_VERSION"
configure:18643: $? = 0
configure:18701: result: yes
configure:18723: checking for BACKGROUND
configure:18730: $PKG_CONFIG --exists --print-errors "x11 gnome-desktop-3.0 >= $GNOME_DESKTOP_REQUIRED_VERSION"
configure:18733: $? = 0
configure:18747: $PKG_CONFIG --exists --print-errors "x11 gnome-desktop-3.0 >= $GNOME_DESKTOP_REQUIRED_VERSION"
configure:18750: $? = 0
configure:18808: result: yes
configure:18816: checking for MOUSE
configure:18823: $PKG_CONFIG --exists --print-errors "x11 xi"
configure:18826: $? = 0
configure:18840: $PKG_CONFIG --exists --print-errors "x11 xi"
configure:18843: $? = 0
configure:18901: result: yes
configure:18909: checking for CURSOR
configure:18916: $PKG_CONFIG --exists --print-errors "xfixes"
configure:18919: $? = 0
configure:18933: $PKG_CONFIG --exists --print-errors "xfixes"
configure:18936: $? = 0
configure:18994: result: yes
configure:19002: checking for FONTCONFIG
configure:19009: $PKG_CONFIG --exists --print-errors "fontconfig"
configure:19012: $? = 0
configure:19026: $PKG_CONFIG --exists --print-errors "fontconfig"
configure:19029: $? = 0
configure:19087: result: yes
configure:19096: checking for KEYBOARD
configure:19103: $PKG_CONFIG --exists --print-errors "libgnomekbdui >= $LIBGNOMEKBD_REQUIRED libgnomekbd >= $LIBGNOMEKBD_REQUIRED libxklavier >= 5.0 kbproto"
configure:19106: $? = 0
configure:19120: $PKG_CONFIG --exists --print-errors "libgnomekbdui >= $LIBGNOMEKBD_REQUIRED libgnomekbd >= $LIBGNOMEKBD_REQUIRED libxklavier >= 5.0 kbproto"
configure:19123: $? = 0
configure:19181: result: yes
configure:19189: checking for GIOUNIX
configure:19196: $PKG_CONFIG --exists --print-errors "gio-unix-2.0"
configure:19199: $? = 0
configure:19213: $PKG_CONFIG --exists --print-errors "gio-unix-2.0"
configure:19216: $? = 0
configure:19274: result: yes
configure:19282: checking for MEDIA_KEYS
configure:19289: $PKG_CONFIG --exists --print-errors "gio-unix-2.0 libpulse >= $PA_REQUIRED_VERSION $GUDEV_PKG libpulse-mainloop-glib >= $PA_REQUIRED_VERSION libcanberra gconf-2.0 >= $GCONF_REQUIRED_VERSION libnotify"
configure:19292: $? = 0
configure:19306: $PKG_CONFIG --exists --print-errors "gio-unix-2.0 libpulse >= $PA_REQUIRED_VERSION $GUDEV_PKG libpulse-mainloop-glib >= $PA_REQUIRED_VERSION libcanberra gconf-2.0 >= $GCONF_REQUIRED_VERSION libnotify"
configure:19309: $? = 0
configure:19367: result: yes
configure:19375: checking for COLOR
configure:19382: $PKG_CONFIG --exists --print-errors "colord >= 0.1.9 gnome-desktop-3.0 >= $GNOME_DESKTOP_REQUIRED_VERSION libcanberra-gtk3"
configure:19385: $? = 0
configure:19399: $PKG_CONFIG --exists --print-errors "colord >= 0.1.9 gnome-desktop-3.0 >= $GNOME_DESKTOP_REQUIRED_VERSION libcanberra-gtk3"
configure:19402: $? = 0
configure:19460: result: yes
configure:19468: checking for WACOM
configure:19475: $PKG_CONFIG --exists --print-errors "libwacom >= $LIBWACOM_REQUIRED_VERSION x11 xi xtst $GUDEV_PKG gnome-desktop-3.0 >= $GNOME_DESKTOP_REQUIRED_VERSION xorg-wacom"
configure:19478: $? = 0
configure:19492: $PKG_CONFIG --exists --print-errors "libwacom >= $LIBWACOM_REQUIRED_VERSION x11 xi xtst $GUDEV_PKG gnome-desktop-3.0 >= $GNOME_DESKTOP_REQUIRED_VERSION xorg-wacom"
configure:19495: $? = 0
configure:19553: result: yes
configure:19676: checking for PACKAGEKIT
configure:19683: $PKG_CONFIG --exists --print-errors "glib-2.0 packagekit-glib2 >= $PK_REQUIRED_VERSION upower-glib >= $UPOWER_REQUIRED_VERSION gudev-1.0 libnotify >= $LIBNOTIFY_REQUIRED_VERSION"
Package packagekit-glib2 was not found in the pkg-config search path.
Perhaps you should add the directory containing `packagekit-glib2.pc'
to the PKG_CONFIG_PATH environment variable
No package 'packagekit-glib2' found
configure:19686: $? = 1
configure:19700: $PKG_CONFIG --exists --print-errors "glib-2.0 packagekit-glib2 >= $PK_REQUIRED_VERSION upower-glib >= $UPOWER_REQUIRED_VERSION gudev-1.0 libnotify >= $LIBNOTIFY_REQUIRED_VERSION"
Package packagekit-glib2 was not found in the pkg-config search path.
Perhaps you should add the directory containing `packagekit-glib2.pc'
to the PKG_CONFIG_PATH environment variable
No package 'packagekit-glib2' found
configure:19703: $? = 1
configure:19717: result: no
No package 'packagekit-glib2' found
configure:19778: checking for NSS
configure:19785: $PKG_CONFIG --exists --print-errors "nss >= $NSS_REQUIRED_VERSION"
configure:19788: $? = 0
configure:19802: $PKG_CONFIG --exists --print-errors "nss >= $NSS_REQUIRED_VERSION"
configure:19805: $? = 0
configure:19843: result: yes
configure:19893: checking for UPOWER
configure:19900: $PKG_CONFIG --exists --print-errors "upower-glib >= $UPOWER_REQUIRED_VERSION libcanberra-gtk3"
configure:19903: $? = 0
configure:19917: $PKG_CONFIG --exists --print-errors "upower-glib >= $UPOWER_REQUIRED_VERSION libcanberra-gtk3"
configure:19920: $? = 0
configure:19978: result: yes
configure:19985: checking for BACKLIGHT_HELPER
configure:19994: $PKG_CONFIG --exists --print-errors "glib-2.0 >= $GLIB_REQUIRED_VERSION
		gudev-1.0
	"
configure:19999: $? = 0
configure:20017: $PKG_CONFIG --exists --print-errors "glib-2.0 >= $GLIB_REQUIRED_VERSION
		gudev-1.0
	"
configure:20022: $? = 0
configure:20088: result: yes
configure:20243: checking for POLKIT
configure:20250: $PKG_CONFIG --exists --print-errors "polkit-gobject-1 >= $POLKIT_REQUIRED dbus-1 >= $DBUS_REQUIRED dbus-glib-1"
configure:20253: $? = 0
configure:20267: $PKG_CONFIG --exists --print-errors "polkit-gobject-1 >= $POLKIT_REQUIRED dbus-1 >= $DBUS_REQUIRED dbus-glib-1"
configure:20270: $? = 0
configure:20308: result: yes
configure:20348: checking for a sed that does not truncate output
configure:20412: result: /bin/sed
configure:20420: checking for cups-config
configure:20438: found /usr/bin/cups-config
configure:20451: result: /usr/bin/cups-config
configure:20467: checking cups/cups.h usability
configure:20467: gcc -c -g -O2  conftest.c >&5
configure:20467: $? = 0
configure:20467: result: yes
configure:20467: checking cups/cups.h presence
configure:20467: gcc -E  conftest.c
configure:20467: $? = 0
configure:20467: result: yes
configure:20467: checking for cups/cups.h
configure:20467: result: yes
configure:20467: checking cups/http.h usability
configure:20467: gcc -c -g -O2  conftest.c >&5
configure:20467: $? = 0
configure:20467: result: yes
configure:20467: checking cups/http.h presence
configure:20467: gcc -E  conftest.c
configure:20467: $? = 0
configure:20467: result: yes
configure:20467: checking for cups/http.h
configure:20467: result: yes
configure:20467: checking cups/ipp.h usability
configure:20467: gcc -c -g -O2  conftest.c >&5
configure:20467: $? = 0
configure:20467: result: yes
configure:20467: checking cups/ipp.h presence
configure:20467: gcc -E  conftest.c
configure:20467: $? = 0
configure:20467: result: yes
configure:20467: checking for cups/ipp.h
configure:20467: result: yes
configure:20544: checking for more warnings
configure:20547: result: yes
configure:20559: checking whether gcc understands -Wno-strict-aliasing
configure:20572: gcc -c         -Wall         -Wchar-subscripts -Wmissing-declarations -Wmissing-prototypes         -Wnested-externs -Wpointer-arith         -Wcast-align -Wsign-compare         -g -O2 -Wno-strict-aliasing  conftest.c >&5
configure:20572: $? = 0
configure:20581: result: yes
configure:20559: checking whether gcc understands -Wno-sign-compare
configure:20572: gcc -c         -Wall         -Wchar-subscripts -Wmissing-declarations -Wmissing-prototypes         -Wnested-externs -Wpointer-arith         -Wcast-align -Wsign-compare         -g -O2 -Wno-strict-aliasing -Wno-sign-compare  conftest.c >&5
configure:20572: $? = 0
configure:20581: result: yes
configure:20789: creating ./config.status

## ---------------------- ##
## Running config.status. ##
## ---------------------- ##

This file was extended by gnome-settings-daemon config.status 3.4.2, which was
generated by GNU Autoconf 2.68.  Invocation command line was

  CONFIG_FILES    = 
  CONFIG_HEADERS  = 
  CONFIG_LINKS    = 
  CONFIG_COMMANDS = 
  $ ./config.status 

on longwei

config.status:1452: creating Makefile
config.status:1452: creating gnome-settings-daemon/Makefile
config.status:1452: creating plugins/Makefile
config.status:1452: creating plugins/a11y-keyboard/Makefile
config.status:1452: creating plugins/a11y-settings/Makefile
config.status:1452: creating plugins/automount/Makefile
config.status:1452: creating plugins/background/Makefile
config.status:1452: creating plugins/clipboard/Makefile
config.status:1452: creating plugins/color/Makefile
config.status:1452: creating plugins/common/Makefile
config.status:1452: creating plugins/cursor/Makefile
config.status:1452: creating plugins/datetime/Makefile
config.status:1452: creating plugins/dummy/Makefile
config.status:1452: creating plugins/power/Makefile
config.status:1452: creating plugins/gconf/Makefile
config.status:1452: creating plugins/housekeeping/Makefile
config.status:1452: creating plugins/keyboard/Makefile
config.status:1452: creating plugins/media-keys/Makefile
config.status:1452: creating plugins/media-keys/cut-n-paste/Makefile
config.status:1452: creating plugins/mouse/Makefile
config.status:1452: creating plugins/orientation/Makefile
config.status:1452: creating plugins/print-notifications/Makefile
config.status:1452: creating plugins/smartcard/Makefile
config.status:1452: creating plugins/sound/Makefile
config.status:1452: creating plugins/updates/Makefile
config.status:1452: creating plugins/wacom/Makefile
config.status:1452: creating plugins/xrandr/Makefile
config.status:1452: creating plugins/xsettings/Makefile
config.status:1452: creating plugins/key-bindings/Makefile
config.status:1452: creating data/Makefile
config.status:1452: creating data/gnome-settings-daemon.pc
config.status:1452: creating data/gnome-settings-daemon-uninstalled.pc
config.status:1452: creating data/org.gnome.settings-daemon.plugins.gschema.xml.in
config.status:1452: creating data/org.gnome.settings-daemon.plugins.xsettings.gschema.xml.in
config.status:1452: creating data/org.gnome.settings-daemon.plugins.keyboard.gschema.xml.in
config.status:1452: creating data/org.gnome.settings-daemon.plugins.key-bindings.gschema.xml.in
config.status:1452: creating data/org.gnome.settings-daemon.plugins.power.gschema.xml.in
config.status:1452: creating data/org.gnome.settings-daemon.plugins.color.gschema.xml.in
config.status:1452: creating data/org.gnome.settings-daemon.plugins.media-keys.gschema.xml.in
config.status:1452: creating data/org.gnome.settings-daemon.peripherals.gschema.xml.in
config.status:1452: creating data/org.gnome.settings-daemon.plugins.housekeeping.gschema.xml.in
config.status:1452: creating data/org.gnome.settings-daemon.plugins.orientation.gschema.xml.in
config.status:1452: creating data/org.gnome.settings-daemon.plugins.updates.gschema.xml.in
config.status:1452: creating data/org.gnome.settings-daemon.plugins.xrandr.gschema.xml.in
config.status:1452: creating data/org.gnome.settings-daemon.peripherals.wacom.gschema.xml.in
config.status:1452: creating data/org.gnome.settings-daemon.plugins.print-notifications.gschema.xml.in
config.status:1452: creating po/Makefile.in
config.status:1452: creating config.h
config.status:1633: config.h is unchanged
config.status:1681: executing depfiles commands
config.status:1681: executing libtool commands
config.status:1681: executing default-1 commands
config.status:1681: executing po/stamp-it commands

## ---------------- ##
## Cache variables. ##
## ---------------- ##

ac_cv_build=x86_64-unknown-linux-gnu
ac_cv_c_compiler_gnu=yes
ac_cv_cxx_compiler_gnu=yes
ac_cv_env_APPINDICATOR_CFLAGS_set=
ac_cv_env_APPINDICATOR_CFLAGS_value=
ac_cv_env_APPINDICATOR_LIBS_set=
ac_cv_env_APPINDICATOR_LIBS_value=
ac_cv_env_AUTOMOUNT_CFLAGS_set=
ac_cv_env_AUTOMOUNT_CFLAGS_value=
ac_cv_env_AUTOMOUNT_LIBS_set=
ac_cv_env_AUTOMOUNT_LIBS_value=
ac_cv_env_BACKGROUND_CFLAGS_set=
ac_cv_env_BACKGROUND_CFLAGS_value=
ac_cv_env_BACKGROUND_LIBS_set=
ac_cv_env_BACKGROUND_LIBS_value=
ac_cv_env_BACKLIGHT_HELPER_CFLAGS_set=
ac_cv_env_BACKLIGHT_HELPER_CFLAGS_value=
ac_cv_env_BACKLIGHT_HELPER_LIBS_set=
ac_cv_env_BACKLIGHT_HELPER_LIBS_value=
ac_cv_env_CCC_set=
ac_cv_env_CCC_value=
ac_cv_env_CC_set=
ac_cv_env_CC_value=
ac_cv_env_CFLAGS_set=
ac_cv_env_CFLAGS_value=
ac_cv_env_COLOR_CFLAGS_set=
ac_cv_env_COLOR_CFLAGS_value=
ac_cv_env_COLOR_LIBS_set=
ac_cv_env_COLOR_LIBS_value=
ac_cv_env_COMMON_CFLAGS_set=
ac_cv_env_COMMON_CFLAGS_value=
ac_cv_env_COMMON_LIBS_set=
ac_cv_env_COMMON_LIBS_value=
ac_cv_env_CPPFLAGS_set=
ac_cv_env_CPPFLAGS_value=
ac_cv_env_CPP_set=
ac_cv_env_CPP_value=
ac_cv_env_CURSOR_CFLAGS_set=
ac_cv_env_CURSOR_CFLAGS_value=
ac_cv_env_CURSOR_LIBS_set=
ac_cv_env_CURSOR_LIBS_value=
ac_cv_env_CXXCPP_set=
ac_cv_env_CXXCPP_value=
ac_cv_env_CXXFLAGS_set=
ac_cv_env_CXXFLAGS_value=
ac_cv_env_CXX_set=
ac_cv_env_CXX_value=
ac_cv_env_FONTCONFIG_CFLAGS_set=
ac_cv_env_FONTCONFIG_CFLAGS_value=
ac_cv_env_FONTCONFIG_LIBS_set=
ac_cv_env_FONTCONFIG_LIBS_value=
ac_cv_env_GCONF_CFLAGS_set=
ac_cv_env_GCONF_CFLAGS_value=
ac_cv_env_GCONF_LIBS_set=
ac_cv_env_GCONF_LIBS_value=
ac_cv_env_GIOUNIX_CFLAGS_set=
ac_cv_env_GIOUNIX_CFLAGS_value=
ac_cv_env_GIOUNIX_LIBS_set=
ac_cv_env_GIOUNIX_LIBS_value=
ac_cv_env_GNOME_DESKTOP_CFLAGS_set=
ac_cv_env_GNOME_DESKTOP_CFLAGS_value=
ac_cv_env_GNOME_DESKTOP_LIBS_set=
ac_cv_env_GNOME_DESKTOP_LIBS_value=
ac_cv_env_GUDEV_CFLAGS_set=
ac_cv_env_GUDEV_CFLAGS_value=
ac_cv_env_GUDEV_LIBS_set=
ac_cv_env_GUDEV_LIBS_value=
ac_cv_env_KEYBOARD_CFLAGS_set=
ac_cv_env_KEYBOARD_CFLAGS_value=
ac_cv_env_KEYBOARD_LIBS_set=
ac_cv_env_KEYBOARD_LIBS_value=
ac_cv_env_LCMS_CFLAGS_set=
ac_cv_env_LCMS_CFLAGS_value=
ac_cv_env_LCMS_LIBS_set=
ac_cv_env_LCMS_LIBS_value=
ac_cv_env_LDFLAGS_set=
ac_cv_env_LDFLAGS_value=
ac_cv_env_LIBNOTIFY_CFLAGS_set=
ac_cv_env_LIBNOTIFY_CFLAGS_value=
ac_cv_env_LIBNOTIFY_LIBS_set=
ac_cv_env_LIBNOTIFY_LIBS_value=
ac_cv_env_LIBS_set=
ac_cv_env_LIBS_value=
ac_cv_env_LIBXML2_CFLAGS_set=
ac_cv_env_LIBXML2_CFLAGS_value=
ac_cv_env_LIBXML2_LIBS_set=
ac_cv_env_LIBXML2_LIBS_value=
ac_cv_env_MEDIA_KEYS_CFLAGS_set=
ac_cv_env_MEDIA_KEYS_CFLAGS_value=
ac_cv_env_MEDIA_KEYS_LIBS_set=
ac_cv_env_MEDIA_KEYS_LIBS_value=
ac_cv_env_MOUSE_CFLAGS_set=
ac_cv_env_MOUSE_CFLAGS_value=
ac_cv_env_MOUSE_LIBS_set=
ac_cv_env_MOUSE_LIBS_value=
ac_cv_env_NSS_CFLAGS_set=
ac_cv_env_NSS_CFLAGS_value=
ac_cv_env_NSS_LIBS_set=
ac_cv_env_NSS_LIBS_value=
ac_cv_env_PACKAGEKIT_CFLAGS_set=
ac_cv_env_PACKAGEKIT_CFLAGS_value=
ac_cv_env_PACKAGEKIT_LIBS_set=
ac_cv_env_PACKAGEKIT_LIBS_value=
ac_cv_env_PKG_CONFIG_LIBDIR_set=
ac_cv_env_PKG_CONFIG_LIBDIR_value=
ac_cv_env_PKG_CONFIG_PATH_set=
ac_cv_env_PKG_CONFIG_PATH_value=
ac_cv_env_PKG_CONFIG_set=
ac_cv_env_PKG_CONFIG_value=
ac_cv_env_POLKIT_CFLAGS_set=
ac_cv_env_POLKIT_CFLAGS_value=
ac_cv_env_POLKIT_LIBS_set=
ac_cv_env_POLKIT_LIBS_value=
ac_cv_env_SETTINGS_DAEMON_CFLAGS_set=
ac_cv_env_SETTINGS_DAEMON_CFLAGS_value=
ac_cv_env_SETTINGS_DAEMON_LIBS_set=
ac_cv_env_SETTINGS_DAEMON_LIBS_value=
ac_cv_env_SETTINGS_PLUGIN_CFLAGS_set=
ac_cv_env_SETTINGS_PLUGIN_CFLAGS_value=
ac_cv_env_SETTINGS_PLUGIN_LIBS_set=
ac_cv_env_SETTINGS_PLUGIN_LIBS_value=
ac_cv_env_SYSTEMD_CFLAGS_set=
ac_cv_env_SYSTEMD_CFLAGS_value=
ac_cv_env_SYSTEMD_LIBS_set=
ac_cv_env_SYSTEMD_LIBS_value=
ac_cv_env_UPOWER_CFLAGS_set=
ac_cv_env_UPOWER_CFLAGS_value=
ac_cv_env_UPOWER_LIBS_set=
ac_cv_env_UPOWER_LIBS_value=
ac_cv_env_WACOM_CFLAGS_set=
ac_cv_env_WACOM_CFLAGS_value=
ac_cv_env_WACOM_LIBS_set=
ac_cv_env_WACOM_LIBS_value=
ac_cv_env_build_alias_set=
ac_cv_env_build_alias_value=
ac_cv_env_host_alias_set=
ac_cv_env_host_alias_value=
ac_cv_env_target_alias_set=
ac_cv_env_target_alias_value=
ac_cv_func_bind_textdomain_codeset=yes
ac_cv_func_dcgettext=yes
ac_cv_header_cups_cups_h=yes
ac_cv_header_cups_http_h=yes
ac_cv_header_cups_ipp_h=yes
ac_cv_header_dlfcn_h=yes
ac_cv_header_inttypes_h=yes
ac_cv_header_libintl_h=yes
ac_cv_header_locale_h=yes
ac_cv_header_memory_h=yes
ac_cv_header_stdc=yes
ac_cv_header_stdint_h=yes
ac_cv_header_stdlib_h=yes
ac_cv_header_string_h=yes
ac_cv_header_strings_h=yes
ac_cv_header_sys_stat_h=yes
ac_cv_header_sys_types_h=yes
ac_cv_header_unistd_h=yes
ac_cv_host=x86_64-unknown-linux-gnu
ac_cv_objext=o
ac_cv_path_CUPS_CONFIG=/usr/bin/cups-config
ac_cv_path_EGREP='/bin/grep -E'
ac_cv_path_FGREP='/bin/grep -F'
ac_cv_path_GLIB_GENMARSHAL=/usr/bin/glib-genmarshal
ac_cv_path_GMSGFMT=/usr/bin/msgfmt
ac_cv_path_GREP=/bin/grep
ac_cv_path_INTLTOOL_EXTRACT=/usr/bin/intltool-extract
ac_cv_path_INTLTOOL_MERGE=/usr/bin/intltool-merge
ac_cv_path_INTLTOOL_PERL=/usr/bin/perl
ac_cv_path_INTLTOOL_UPDATE=/usr/bin/intltool-update
ac_cv_path_MSGFMT=/usr/bin/msgfmt
ac_cv_path_MSGMERGE=/usr/bin/msgmerge
ac_cv_path_SED=/bin/sed
ac_cv_path_XGETTEXT=/usr/bin/xgettext
ac_cv_path_ac_pt_PKG_CONFIG=/usr/bin/pkg-config
ac_cv_path_install='/usr/bin/install -c'
ac_cv_path_mkdir=/bin/mkdir
ac_cv_prog_AWK=mawk
ac_cv_prog_CPP='gcc -E'
ac_cv_prog_CXXCPP='g++ -E'
ac_cv_prog_ac_ct_AR=ar
ac_cv_prog_ac_ct_CC=gcc
ac_cv_prog_ac_ct_CXX=g++
ac_cv_prog_ac_ct_MANIFEST_TOOL=mt
ac_cv_prog_ac_ct_OBJDUMP=objdump
ac_cv_prog_ac_ct_RANLIB=ranlib
ac_cv_prog_ac_ct_STRIP=strip
ac_cv_prog_cc_c89=
ac_cv_prog_cc_g=yes
ac_cv_prog_cc_gcc_c_o=yes
ac_cv_prog_cxx_g=yes
ac_cv_prog_make_make_set=yes
am_cv_CC_dependencies_compiler_type=gcc3
am_cv_CXX_dependencies_compiler_type=gcc3
am_cv_make_support_nested_variables=yes
am_cv_prog_tar_ustar=gnutar
am_cv_val_LC_MESSAGES=yes
gt_cv_func_dgettext_libc=yes
gt_cv_func_dgettext_libintl=no
gt_cv_func_ngettext_libc=yes
gt_cv_have_gettext=yes
lt_cv_ar_at_file=@
lt_cv_archive_cmds_need_lc=no
lt_cv_deplibs_check_method=pass_all
lt_cv_file_magic_cmd='$MAGIC_CMD'
lt_cv_file_magic_test_file=
lt_cv_ld_reload_flag=-r
lt_cv_nm_interface='BSD nm'
lt_cv_objdir=.libs
lt_cv_path_LD=/usr/bin/ld
lt_cv_path_LDCXX='/usr/bin/ld -m elf_x86_64'
lt_cv_path_NM='/usr/bin/nm -B'
lt_cv_path_mainfest_tool=no
lt_cv_prog_compiler_c_o=yes
lt_cv_prog_compiler_c_o_CXX=yes
lt_cv_prog_compiler_pic='-fPIC -DPIC'
lt_cv_prog_compiler_pic_CXX='-fPIC -DPIC'
lt_cv_prog_compiler_pic_works=yes
lt_cv_prog_compiler_pic_works_CXX=yes
lt_cv_prog_compiler_rtti_exceptions=no
lt_cv_prog_compiler_static_works=yes
lt_cv_prog_compiler_static_works_CXX=yes
lt_cv_prog_gnu_ld=yes
lt_cv_prog_gnu_ldcxx=yes
lt_cv_sharedlib_from_linklib_cmd='printf %s\n'
lt_cv_shlibpath_overrides_runpath=no
lt_cv_sys_global_symbol_pipe='sed -n -e '\''s/^.*[	 ]\([ABCDGIRSTW][ABCDGIRSTW]*\)[	 ][	 ]*\([_A-Za-z][_A-Za-z0-9]*\)$/\1 \2 \2/p'\'' | sed '\''/ __gnu_lto/d'\'''
lt_cv_sys_global_symbol_to_c_name_address='sed -n -e '\''s/^: \([^ ]*\)[ ]*$/  {\"\1\", (void *) 0},/p'\'' -e '\''s/^[ABCDGIRSTW]* \([^ ]*\) \([^ ]*\)$/  {"\2", (void *) \&\2},/p'\'''
lt_cv_sys_global_symbol_to_c_name_address_lib_prefix='sed -n -e '\''s/^: \([^ ]*\)[ ]*$/  {\"\1\", (void *) 0},/p'\'' -e '\''s/^[ABCDGIRSTW]* \([^ ]*\) \(lib[^ ]*\)$/  {"\2", (void *) \&\2},/p'\'' -e '\''s/^[ABCDGIRSTW]* \([^ ]*\) \([^ ]*\)$/  {"lib\2", (void *) \&\2},/p'\'''
lt_cv_sys_global_symbol_to_cdecl='sed -n -e '\''s/^T .* \(.*\)$/extern int \1();/p'\'' -e '\''s/^[ABCDGIRSTW]* .* \(.*\)$/extern char \1;/p'\'''
lt_cv_sys_max_cmd_len=1572864
lt_cv_to_host_file_cmd=func_convert_file_noop
lt_cv_to_tool_file_cmd=func_convert_file_noop
pkg_cv_APPINDICATOR_CFLAGS='-pthread -I/usr/include/libdbusmenu-glib-0.4 -I/usr/include/gtk-3.0 -I/usr/include/pango-1.0 -I/usr/include/gio-unix-2.0/ -I/usr/include/atk-1.0 -I/usr/include/cairo -I/usr/include/gdk-pixbuf-2.0 -I/usr/include/freetype2 -I/usr/include/glib-2.0 -I/usr/lib/x86_64-linux-gnu/glib-2.0/include -I/usr/include/pixman-1 -I/usr/include/libpng12 -I/usr/include/libappindicator3-0.1  '
pkg_cv_APPINDICATOR_LIBS='-lappindicator3 -ldbusmenu-glib -lgtk-3 -lgdk-3 -latk-1.0 -lgio-2.0 -lpangocairo-1.0 -lgdk_pixbuf-2.0 -lcairo-gobject -lpango-1.0 -lcairo -lgobject-2.0 -lglib-2.0  '
pkg_cv_AUTOMOUNT_CFLAGS=' '
pkg_cv_AUTOMOUNT_LIBS='-lX11  '
pkg_cv_BACKGROUND_CFLAGS='-pthread -I/usr/include/gtk-3.0 -I/usr/include/pango-1.0 -I/usr/include/gio-unix-2.0/ -I/usr/include/atk-1.0 -I/usr/include/cairo -I/usr/include/gdk-pixbuf-2.0 -I/usr/include/freetype2 -I/usr/include/glib-2.0 -I/usr/lib/x86_64-linux-gnu/glib-2.0/include -I/usr/include/pixman-1 -I/usr/include/libpng12 -I/usr/include/gnome-desktop-3.0 -I/usr/include/gsettings-desktop-schemas  '
pkg_cv_BACKGROUND_LIBS='-lX11 -lgnome-desktop-3 -lgtk-3 -lgdk-3 -latk-1.0 -lgio-2.0 -lpangocairo-1.0 -lgdk_pixbuf-2.0 -lcairo-gobject -lpango-1.0 -lcairo -lgobject-2.0 -lglib-2.0  '
pkg_cv_BACKLIGHT_HELPER_CFLAGS='-I/usr/include/glib-2.0 -I/usr/lib/x86_64-linux-gnu/glib-2.0/include -I/usr/include/gudev-1.0  '
pkg_cv_BACKLIGHT_HELPER_LIBS='-lgudev-1.0 -lgobject-2.0 -lglib-2.0  '
pkg_cv_COLOR_CFLAGS='-pthread -D_REENTRANT -I/usr/include/colord-1 -I/usr/include/dbus-1.0 -I/usr/lib/x86_64-linux-gnu/dbus-1.0/include -I/usr/include/glib-2.0 -I/usr/lib/x86_64-linux-gnu/glib-2.0/include -I/usr/include/gtk-3.0 -I/usr/include/pango-1.0 -I/usr/include/gio-unix-2.0/ -I/usr/include/atk-1.0 -I/usr/include/cairo -I/usr/include/gdk-pixbuf-2.0 -I/usr/include/freetype2 -I/usr/include/pixman-1 -I/usr/include/libpng12 -I/usr/include/gnome-desktop-3.0 -I/usr/include/gsettings-desktop-schemas  '
pkg_cv_COLOR_LIBS='-lcolord -lgnome-desktop-3 -lcanberra-gtk3 -lX11 -lcanberra -lgtk-3 -lgdk-3 -latk-1.0 -lgio-2.0 -lpangocairo-1.0 -lgdk_pixbuf-2.0 -lcairo-gobject -lpango-1.0 -lcairo -lgobject-2.0 -lglib-2.0  '
pkg_cv_COMMON_CFLAGS=' '
pkg_cv_COMMON_LIBS='-lX11 -lXi  '
pkg_cv_CURSOR_CFLAGS=' '
pkg_cv_CURSOR_LIBS='-lXfixes  '
pkg_cv_FONTCONFIG_CFLAGS=' '
pkg_cv_FONTCONFIG_LIBS='-lfontconfig  '
pkg_cv_GIOUNIX_CFLAGS='-pthread -I/usr/include/gio-unix-2.0/ -I/usr/include/glib-2.0 -I/usr/lib/x86_64-linux-gnu/glib-2.0/include  '
pkg_cv_GIOUNIX_LIBS='-lgio-2.0 -lgobject-2.0 -lglib-2.0  '
pkg_cv_GNOME_DESKTOP_CFLAGS='-pthread -I/usr/include/gtk-3.0 -I/usr/include/pango-1.0 -I/usr/include/gio-unix-2.0/ -I/usr/include/atk-1.0 -I/usr/include/cairo -I/usr/include/gdk-pixbuf-2.0 -I/usr/include/freetype2 -I/usr/include/glib-2.0 -I/usr/lib/x86_64-linux-gnu/glib-2.0/include -I/usr/include/pixman-1 -I/usr/include/libpng12 -I/usr/include/gnome-desktop-3.0 -I/usr/include/gsettings-desktop-schemas  '
pkg_cv_GNOME_DESKTOP_LIBS='-lgnome-desktop-3 -lgtk-3 -lgdk-3 -latk-1.0 -lgio-2.0 -lpangocairo-1.0 -lgdk_pixbuf-2.0 -lcairo-gobject -lpango-1.0 -lcairo -lgobject-2.0 -lglib-2.0  '
pkg_cv_GUDEV_CFLAGS='-I/usr/include/gudev-1.0 -I/usr/include/glib-2.0 -I/usr/lib/x86_64-linux-gnu/glib-2.0/include  '
pkg_cv_GUDEV_LIBS='-lgudev-1.0 -lgobject-2.0 -lglib-2.0  '
pkg_cv_KEYBOARD_CFLAGS='-pthread -I/usr/include/gtk-3.0 -I/usr/include/gio-unix-2.0/ -I/usr/include/cairo -I/usr/include/pango-1.0 -I/usr/include/gdk-pixbuf-2.0 -I/usr/include/glib-2.0 -I/usr/lib/x86_64-linux-gnu/glib-2.0/include -I/usr/include/pixman-1 -I/usr/include/freetype2 -I/usr/include/libpng12 -I/usr/include/libxml2  '
pkg_cv_KEYBOARD_LIBS='-Wl,--export-dynamic -pthread -lgnomekbdui -lgnomekbd -lgmodule-2.0 -lrt -lglib-2.0 -lxklavier  '
pkg_cv_LCMS_CFLAGS=' '
pkg_cv_LCMS_LIBS='-llcms2  '
pkg_cv_LIBNOTIFY_CFLAGS='-pthread -I/usr/include/gdk-pixbuf-2.0 -I/usr/include/glib-2.0 -I/usr/lib/x86_64-linux-gnu/glib-2.0/include -I/usr/include/libpng12  '
pkg_cv_LIBNOTIFY_LIBS='-lnotify -lgdk_pixbuf-2.0 -lgio-2.0 -lgobject-2.0 -lglib-2.0  '
pkg_cv_LIBXML2_CFLAGS='-I/usr/include/libxml2  '
pkg_cv_LIBXML2_LIBS='-lxml2  '
pkg_cv_MEDIA_KEYS_CFLAGS='-pthread -D_REENTRANT -I/usr/include/gio-unix-2.0/ -I/usr/include/glib-2.0 -I/usr/lib/x86_64-linux-gnu/glib-2.0/include -I/usr/include/gudev-1.0 -I/usr/include/gconf/2 -I/usr/include/dbus-1.0 -I/usr/lib/x86_64-linux-gnu/dbus-1.0/include -I/usr/include/gdk-pixbuf-2.0 -I/usr/include/libpng12  '
pkg_cv_MEDIA_KEYS_LIBS='-lgudev-1.0 -lpulse-mainloop-glib -lpulse -lcanberra -lgconf-2 -lnotify -lgdk_pixbuf-2.0 -lgio-2.0 -lgobject-2.0 -lglib-2.0  '
pkg_cv_MOUSE_CFLAGS=' '
pkg_cv_MOUSE_LIBS='-lX11 -lXi  '
pkg_cv_NSS_CFLAGS='-I/usr/include/nss -I/usr/include/nspr  '
pkg_cv_NSS_LIBS='-lnss3 -lnssutil3 -lsmime3 -lssl3 -lplds4 -lplc4 -lnspr4  '
pkg_cv_POLKIT_CFLAGS='-pthread -I/usr/include/polkit-1 -I/usr/include/glib-2.0 -I/usr/lib/x86_64-linux-gnu/glib-2.0/include -I/usr/include/dbus-1.0 -I/usr/lib/x86_64-linux-gnu/dbus-1.0/include  '
pkg_cv_POLKIT_LIBS='-lpolkit-gobject-1 -lgio-2.0 -ldbus-glib-1 -ldbus-1 -lpthread -lrt -lgobject-2.0 -lglib-2.0  '
pkg_cv_SETTINGS_DAEMON_CFLAGS='-pthread -I/usr/include/glib-2.0 -I/usr/lib/x86_64-linux-gnu/glib-2.0/include -I/usr/include/gtk-3.0 -I/usr/include/pango-1.0 -I/usr/include/gio-unix-2.0/ -I/usr/include/atk-1.0 -I/usr/include/cairo -I/usr/include/gdk-pixbuf-2.0 -I/usr/include/freetype2 -I/usr/include/pixman-1 -I/usr/include/libpng12 -I/usr/include/gconf/2 -I/usr/include/dbus-1.0 -I/usr/lib/x86_64-linux-gnu/dbus-1.0/include -I/usr/include/gsettings-desktop-schemas  '
pkg_cv_SETTINGS_DAEMON_LIBS='-Wl,--export-dynamic -pthread -lgtk-3 -lgdk-3 -latk-1.0 -lpangocairo-1.0 -lgdk_pixbuf-2.0 -lcairo-gobject -lpango-1.0 -lcairo -lgio-2.0 -lgobject-2.0 -lgconf-2 -lgmodule-2.0 -lgthread-2.0 -lrt -lglib-2.0  '
pkg_cv_SETTINGS_PLUGIN_CFLAGS='-pthread -I/usr/include/gtk-3.0 -I/usr/include/pango-1.0 -I/usr/include/gio-unix-2.0/ -I/usr/include/atk-1.0 -I/usr/include/cairo -I/usr/include/gdk-pixbuf-2.0 -I/usr/include/freetype2 -I/usr/include/glib-2.0 -I/usr/lib/x86_64-linux-gnu/glib-2.0/include -I/usr/include/pixman-1 -I/usr/include/libpng12 -I/usr/include/gconf/2 -I/usr/include/dbus-1.0 -I/usr/lib/x86_64-linux-gnu/dbus-1.0/include -I/usr/include/gsettings-desktop-schemas  '
pkg_cv_SETTINGS_PLUGIN_LIBS='-lgtk-3 -lgdk-3 -latk-1.0 -lpangocairo-1.0 -lgdk_pixbuf-2.0 -lcairo-gobject -lpango-1.0 -lcairo -lgconf-2 -lgio-2.0 -lgobject-2.0 -lglib-2.0 -lX11  '
pkg_cv_UPOWER_CFLAGS='-pthread -D_REENTRANT -I/usr/include/dbus-1.0 -I/usr/lib/x86_64-linux-gnu/dbus-1.0/include -I/usr/include/glib-2.0 -I/usr/lib/x86_64-linux-gnu/glib-2.0/include -I/usr/include/gtk-3.0 -I/usr/include/pango-1.0 -I/usr/include/gio-unix-2.0/ -I/usr/include/atk-1.0 -I/usr/include/cairo -I/usr/include/gdk-pixbuf-2.0 -I/usr/include/freetype2 -I/usr/include/pixman-1 -I/usr/include/libpng12 -I/usr/include/libupower-glib  '
pkg_cv_UPOWER_LIBS='-lupower-glib -lcanberra-gtk3 -lX11 -lcanberra -lgtk-3 -lgdk-3 -latk-1.0 -lgio-2.0 -lpangocairo-1.0 -lgdk_pixbuf-2.0 -lcairo-gobject -lpango-1.0 -lcairo -lgobject-2.0 -lglib-2.0  '
pkg_cv_WACOM_CFLAGS='-pthread -I/usr/include/libwacom-1.0 -I/usr/include/glib-2.0 -I/usr/lib/x86_64-linux-gnu/glib-2.0/include -I/usr/include/gudev-1.0 -I/usr/include/gtk-3.0 -I/usr/include/pango-1.0 -I/usr/include/gio-unix-2.0/ -I/usr/include/atk-1.0 -I/usr/include/cairo -I/usr/include/gdk-pixbuf-2.0 -I/usr/include/freetype2 -I/usr/include/pixman-1 -I/usr/include/libpng12 -I/usr/include/gnome-desktop-3.0 -I/usr/include/xorg -I/usr/include/gsettings-desktop-schemas  '
pkg_cv_WACOM_LIBS='-lwacom -lX11 -lXi -lXtst -lgudev-1.0 -lgnome-desktop-3 -lgtk-3 -lgdk-3 -latk-1.0 -lgio-2.0 -lpangocairo-1.0 -lgdk_pixbuf-2.0 -lcairo-gobject -lpango-1.0 -lcairo -lgobject-2.0 -lglib-2.0  '

## ----------------- ##
## Output variables. ##
## ----------------- ##










		$(INSTALL_DATA) $^ "$(DESTDIR)$(gsettingsschemadir)"; \
		test -n "$(GSETTINGS_DISABLE_SCHEMAS_COMPILE)$(DESTDIR)" || $(GLIB_COMPILE_SCHEMAS) $(gsettingsschemadir); \
		test -z "$(gsettingsschemadir)" || $(MKDIR_P) "$(DESTDIR)$(gsettingsschemadir)"; \
	$(AM_V_GEN) glib-mkenums --comments '\''<!-- @comment@ -->'\'' --fhead "<schemalist>" --vhead "  <@type@ id='\''$(gsettings_ENUM_NAMESPACE).@EnumName@'\''>" --vprod "    <value nick='\''@valuenick@'\'' value='\''@valuenum@'\''/>" --vtail "  </@type@>" --ftail "</schemalist>" $^ > $@.tmp && mv $@.tmp $@
	$(AM_V_GEN) if test -f "$<"; then d=; else d="$(srcdir)/"; fi; $(GLIB_COMPILE_SCHEMAS) --strict --dry-run $(addprefix --schema-file=,$(gsettings__enum_file)) --schema-file=$${d}$< && touch $@
	@$(NORMAL_INSTALL)
	@$(NORMAL_UNINSTALL)
	@list='\''$(gsettings_SCHEMAS) $(gsettings__enum_file)'\''; test -n "$(gsettingsschemadir)" || list=; \
	cd "$(DESTDIR)$(gsettingsschemadir)" && rm -f $$files
	echo " ( cd '\''$(DESTDIR)$(gsettingsschemadir)'\'' && rm -f" $$files ")"; \
	fi
	files=`for p in $$list; do echo $$p; done | sed -e '\''s|^.*/||'\''`; \
	if test -n "$^"; then \
	rm -f $(gsettings_SCHEMAS:.xml=.valid) $(gsettings__enum_file)
	test -n "$$files" || exit 0; \
	test -n "$(GSETTINGS_DISABLE_SCHEMAS_COMPILE)$(DESTDIR)" || $(GLIB_COMPILE_SCHEMAS) $(gsettingsschemadir)
$(gsettings__enum_file): $(gsettings_ENUM_FILES)
%.gschema.valid: %.gschema.xml $(gsettings__enum_file)
.PHONY : uninstall-gsettings-schemas install-gsettings-schemas clean-gsettings-schemas
.SECONDARY: $(gsettings_SCHEMAS)
ACLOCAL='${SHELL} /home/longwei/Project/deepin-software/deepin-settings-daemon/missing --run aclocal-1.11'
ALL_LINGUAS=''
AMDEPBACKSLASH='\'
AMDEP_FALSE='#'
AMDEP_TRUE=''
AMTAR='$${TAR-tar}'
AM_BACKSLASH='\'
AM_DEFAULT_V='$(AM_DEFAULT_VERBOSITY)'
AM_DEFAULT_VERBOSITY='0'
AM_V='$(V)'
APPINDICATOR_CFLAGS='-pthread -I/usr/include/libdbusmenu-glib-0.4 -I/usr/include/gtk-3.0 -I/usr/include/pango-1.0 -I/usr/include/gio-unix-2.0/ -I/usr/include/atk-1.0 -I/usr/include/cairo -I/usr/include/gdk-pixbuf-2.0 -I/usr/include/freetype2 -I/usr/include/glib-2.0 -I/usr/lib/x86_64-linux-gnu/glib-2.0/include -I/usr/include/pixman-1 -I/usr/include/libpng12 -I/usr/include/libappindicator3-0.1  '
APPINDICATOR_LIBS='-lappindicator3 -ldbusmenu-glib -lgtk-3 -lgdk-3 -latk-1.0 -lgio-2.0 -lpangocairo-1.0 -lgdk_pixbuf-2.0 -lcairo-gobject -lpango-1.0 -lcairo -lgobject-2.0 -lglib-2.0  '
AR='ar'
AUTOCONF='${SHELL} /home/longwei/Project/deepin-software/deepin-settings-daemon/missing --run autoconf'
AUTOHEADER='${SHELL} /home/longwei/Project/deepin-software/deepin-settings-daemon/missing --run autoheader'
AUTOMAKE='${SHELL} /home/longwei/Project/deepin-software/deepin-settings-daemon/missing --run automake-1.11'
AUTOMOUNT_CFLAGS=' '
AUTOMOUNT_LIBS='-lX11  '
AWK='mawk'
BACKGROUND_CFLAGS='-pthread -I/usr/include/gtk-3.0 -I/usr/include/pango-1.0 -I/usr/include/gio-unix-2.0/ -I/usr/include/atk-1.0 -I/usr/include/cairo -I/usr/include/gdk-pixbuf-2.0 -I/usr/include/freetype2 -I/usr/include/glib-2.0 -I/usr/lib/x86_64-linux-gnu/glib-2.0/include -I/usr/include/pixman-1 -I/usr/include/libpng12 -I/usr/include/gnome-desktop-3.0 -I/usr/include/gsettings-desktop-schemas  '
BACKGROUND_LIBS='-lX11 -lgnome-desktop-3 -lgtk-3 -lgdk-3 -latk-1.0 -lgio-2.0 -lpangocairo-1.0 -lgdk_pixbuf-2.0 -lcairo-gobject -lpango-1.0 -lcairo -lgobject-2.0 -lglib-2.0  '
BACKLIGHT_HELPER_CFLAGS='-I/usr/include/glib-2.0 -I/usr/lib/x86_64-linux-gnu/glib-2.0/include -I/usr/include/gudev-1.0  '
BACKLIGHT_HELPER_LIBS='-lgudev-1.0 -lgobject-2.0 -lglib-2.0  '
BUILD_GCONF_BRIDGE_FALSE=''
BUILD_GCONF_BRIDGE_TRUE='#'
BUILD_PRINT_NOTIFICATIONS_FALSE='#'
BUILD_PRINT_NOTIFICATIONS_TRUE=''
CATALOGS=''
CATOBJEXT='.gmo'
CC='gcc'
CCDEPMODE='depmode=gcc3'
CFLAGS='        -Wall         -Wchar-subscripts -Wmissing-declarations -Wmissing-prototypes         -Wnested-externs -Wpointer-arith         -Wcast-align -Wsign-compare         -g -O2 -Wno-strict-aliasing -Wno-sign-compare'
COLOR_CFLAGS='-pthread -D_REENTRANT -I/usr/include/colord-1 -I/usr/include/dbus-1.0 -I/usr/lib/x86_64-linux-gnu/dbus-1.0/include -I/usr/include/glib-2.0 -I/usr/lib/x86_64-linux-gnu/glib-2.0/include -I/usr/include/gtk-3.0 -I/usr/include/pango-1.0 -I/usr/include/gio-unix-2.0/ -I/usr/include/atk-1.0 -I/usr/include/cairo -I/usr/include/gdk-pixbuf-2.0 -I/usr/include/freetype2 -I/usr/include/pixman-1 -I/usr/include/libpng12 -I/usr/include/gnome-desktop-3.0 -I/usr/include/gsettings-desktop-schemas  '
COLOR_LIBS='-lcolord -lgnome-desktop-3 -lcanberra-gtk3 -lX11 -lcanberra -lgtk-3 -lgdk-3 -latk-1.0 -lgio-2.0 -lpangocairo-1.0 -lgdk_pixbuf-2.0 -lcairo-gobject -lpango-1.0 -lcairo -lgobject-2.0 -lglib-2.0  '
COMMON_CFLAGS=' '
COMMON_LIBS='-lX11 -lXi  '
CPP='gcc -E'
CPPFLAGS=''
CUPS_CFLAGS=''
CUPS_CONFIG='/usr/bin/cups-config'
CUPS_LIBS='-lcups -L/usr/lib/x86_64-linux-gnu -Wl,-Bsymbolic-functions -Wl,-z,relro -lgssapi_krb5 -lkrb5 -lk5crypto -lcom_err -lgnutls -L/lib/x86_64-linux-gnu -lgcrypt -lz -lpthread -lcrypt -lm'
CURSOR_CFLAGS=' '
CURSOR_LIBS='-lXfixes  '
CXX='g++'
CXXCPP='g++ -E'
CXXDEPMODE='depmode=gcc3'
CXXFLAGS='-g -O2'
CYGPATH_W='echo'
DATADIRNAME='share'
DBUS_SYS_DIR='${sysconfdir}/dbus-1/system.d'
DEBUG_CFLAGS='-DG_ENABLE_DEBUG'
DEFS='-DHAVE_CONFIG_H'
DEPDIR='.deps'
DLLTOOL='false'
DSYMUTIL=''
DUMPBIN=''
ECHO_C=''
ECHO_N='-n'
ECHO_T=''
EGREP='/bin/grep -E'
EXEEXT=''
FGREP='/bin/grep -F'
FONTCONFIG_CFLAGS=' '
FONTCONFIG_LIBS='-lfontconfig  '
GCONF_CFLAGS=''
GCONF_LIBS=''
GETTEXT_PACKAGE='gnome-settings-daemon'
GIOUNIX_CFLAGS='-pthread -I/usr/include/gio-unix-2.0/ -I/usr/include/glib-2.0 -I/usr/lib/x86_64-linux-gnu/glib-2.0/include  '
GIOUNIX_LIBS='-lgio-2.0 -lgobject-2.0 -lglib-2.0  '
GLIB_COMPILE_SCHEMAS='/usr/lib/x86_64-linux-gnu/glib-2.0/glib-compile-schemas'
GLIB_GENMARSHAL='/usr/bin/glib-genmarshal'
GMOFILES=''
GMSGFMT='/usr/bin/msgfmt'
GNOME_DESKTOP_CFLAGS='-pthread -I/usr/include/gtk-3.0 -I/usr/include/pango-1.0 -I/usr/include/gio-unix-2.0/ -I/usr/include/atk-1.0 -I/usr/include/cairo -I/usr/include/gdk-pixbuf-2.0 -I/usr/include/freetype2 -I/usr/include/glib-2.0 -I/usr/lib/x86_64-linux-gnu/glib-2.0/include -I/usr/include/pixman-1 -I/usr/include/libpng12 -I/usr/include/gnome-desktop-3.0 -I/usr/include/gsettings-desktop-schemas  '
GNOME_DESKTOP_LIBS='-lgnome-desktop-3 -lgtk-3 -lgdk-3 -latk-1.0 -lgio-2.0 -lpangocairo-1.0 -lgdk_pixbuf-2.0 -lcairo-gobject -lpango-1.0 -lcairo -lgobject-2.0 -lglib-2.0  '
GREP='/bin/grep'
GSD_API_VERSION='3.0'
GSD_INTLTOOL_PLUGIN_RULE='%.gnome-settings-plugin:   %.gnome-settings-plugin.in   $(INTLTOOL_MERGE) $(wildcard $(top_srcdir)/po/*.po) ; LC_ALL=C $(INTLTOOL_MERGE) -d -u -c $(top_builddir)/po/.intltool-merge-cache $(top_srcdir)/po $< $@'
GSD_PLUGIN_LDFLAGS='-export_dynamic -module -avoid-version -no-undefined'
GSETTINGS_DISABLE_SCHEMAS_COMPILE=''
GSETTINGS_RULES='
GUDEV_CFLAGS='-I/usr/include/gudev-1.0 -I/usr/include/glib-2.0 -I/usr/lib/x86_64-linux-gnu/glib-2.0/include  '
GUDEV_LIBS='-lgudev-1.0 -lgobject-2.0 -lglib-2.0  '
HAVE_APPINDICATOR_FALSE='#'
HAVE_APPINDICATOR_TRUE=''
HAVE_GUDEV_FALSE='#'
HAVE_GUDEV_TRUE=''
HAVE_PACKAGEKIT_FALSE=''
HAVE_PACKAGEKIT_TRUE='#'
HAVE_POLKIT_FALSE='#'
HAVE_POLKIT_TRUE=''
INSTALL_DATA='${INSTALL} -m 644'
INSTALL_PROGRAM='${INSTALL}'
INSTALL_SCRIPT='${INSTALL}'
INSTALL_STRIP_PROGRAM='$(install_sh) -c -s'
INSTOBJEXT='.mo'
INTLLIBS=''
INTLTOOL_CAVES_RULE='%.caves:     %.caves.in     $(INTLTOOL_MERGE) $(wildcard $(top_srcdir)/po/*.po) ; $(INTLTOOL_V_MERGE)LC_ALL=C $(INTLTOOL_MERGE) $(INTLTOOL_V_MERGE_OPTIONS) -d -u -c $(top_builddir)/po/.intltool-merge-cache $(top_srcdir)/po $< $@'
INTLTOOL_DESKTOP_RULE='%.desktop:   %.desktop.in   $(INTLTOOL_MERGE) $(wildcard $(top_srcdir)/po/*.po) ; $(INTLTOOL_V_MERGE)LC_ALL=C $(INTLTOOL_MERGE) $(INTLTOOL_V_MERGE_OPTIONS) -d -u -c $(top_builddir)/po/.intltool-merge-cache $(top_srcdir)/po $< $@'
INTLTOOL_DIRECTORY_RULE='%.directory: %.directory.in $(INTLTOOL_MERGE) $(wildcard $(top_srcdir)/po/*.po) ; $(INTLTOOL_V_MERGE)LC_ALL=C $(INTLTOOL_MERGE) $(INTLTOOL_V_MERGE_OPTIONS) -d -u -c $(top_builddir)/po/.intltool-merge-cache $(top_srcdir)/po $< $@'
INTLTOOL_EXTRACT='/usr/bin/intltool-extract'
INTLTOOL_KBD_RULE='%.kbd:       %.kbd.in       $(INTLTOOL_MERGE) $(wildcard $(top_srcdir)/po/*.po) ; $(INTLTOOL_V_MERGE)LC_ALL=C $(INTLTOOL_MERGE) $(INTLTOOL_V_MERGE_OPTIONS) -x -u -m -c $(top_builddir)/po/.intltool-merge-cache $(top_srcdir)/po $< $@'
INTLTOOL_KEYS_RULE='%.keys:      %.keys.in      $(INTLTOOL_MERGE) $(wildcard $(top_srcdir)/po/*.po) ; $(INTLTOOL_V_MERGE)LC_ALL=C $(INTLTOOL_MERGE) $(INTLTOOL_V_MERGE_OPTIONS) -k -u -c $(top_builddir)/po/.intltool-merge-cache $(top_srcdir)/po $< $@'
INTLTOOL_MERGE='/usr/bin/intltool-merge'
INTLTOOL_OAF_RULE='%.oaf:       %.oaf.in       $(INTLTOOL_MERGE) $(wildcard $(top_srcdir)/po/*.po) ; $(INTLTOOL_V_MERGE)LC_ALL=C $(INTLTOOL_MERGE) $(INTLTOOL_V_MERGE_OPTIONS) -o -p $(top_srcdir)/po $< $@'
INTLTOOL_PERL='/usr/bin/perl'
INTLTOOL_POLICY_RULE='%.policy:    %.policy.in    $(INTLTOOL_MERGE) $(wildcard $(top_srcdir)/po/*.po) ; $(INTLTOOL_V_MERGE)LC_ALL=C $(INTLTOOL_MERGE) $(INTLTOOL_V_MERGE_OPTIONS) -x -u -c $(top_builddir)/po/.intltool-merge-cache $(top_srcdir)/po $< $@'
INTLTOOL_PONG_RULE='%.pong:      %.pong.in      $(INTLTOOL_MERGE) $(wildcard $(top_srcdir)/po/*.po) ; $(INTLTOOL_V_MERGE)LC_ALL=C $(INTLTOOL_MERGE) $(INTLTOOL_V_MERGE_OPTIONS) -x -u -c $(top_builddir)/po/.intltool-merge-cache $(top_srcdir)/po $< $@'
INTLTOOL_PROP_RULE='%.prop:      %.prop.in      $(INTLTOOL_MERGE) $(wildcard $(top_srcdir)/po/*.po) ; $(INTLTOOL_V_MERGE)LC_ALL=C $(INTLTOOL_MERGE) $(INTLTOOL_V_MERGE_OPTIONS) -d -u -c $(top_builddir)/po/.intltool-merge-cache $(top_srcdir)/po $< $@'
INTLTOOL_SCHEMAS_RULE='%.schemas:   %.schemas.in   $(INTLTOOL_MERGE) $(wildcard $(top_srcdir)/po/*.po) ; $(INTLTOOL_V_MERGE)LC_ALL=C $(INTLTOOL_MERGE) $(INTLTOOL_V_MERGE_OPTIONS) -s -u -c $(top_builddir)/po/.intltool-merge-cache $(top_srcdir)/po $< $@'
INTLTOOL_SERVER_RULE='%.server:    %.server.in    $(INTLTOOL_MERGE) $(wildcard $(top_srcdir)/po/*.po) ; $(INTLTOOL_V_MERGE)LC_ALL=C $(INTLTOOL_MERGE) $(INTLTOOL_V_MERGE_OPTIONS) -o -u -c $(top_builddir)/po/.intltool-merge-cache $(top_srcdir)/po $< $@'
INTLTOOL_SERVICE_RULE='%.service: %.service.in   $(INTLTOOL_MERGE) $(wildcard $(top_srcdir)/po/*.po) ; $(INTLTOOL_V_MERGE)LC_ALL=C $(INTLTOOL_MERGE) $(INTLTOOL_V_MERGE_OPTIONS) -d -u -c $(top_builddir)/po/.intltool-merge-cache $(top_srcdir)/po $< $@'
INTLTOOL_SHEET_RULE='%.sheet:     %.sheet.in     $(INTLTOOL_MERGE) $(wildcard $(top_srcdir)/po/*.po) ; $(INTLTOOL_V_MERGE)LC_ALL=C $(INTLTOOL_MERGE) $(INTLTOOL_V_MERGE_OPTIONS) -x -u -c $(top_builddir)/po/.intltool-merge-cache $(top_srcdir)/po $< $@'
INTLTOOL_SOUNDLIST_RULE='%.soundlist: %.soundlist.in $(INTLTOOL_MERGE) $(wildcard $(top_srcdir)/po/*.po) ; $(INTLTOOL_V_MERGE)LC_ALL=C $(INTLTOOL_MERGE) $(INTLTOOL_V_MERGE_OPTIONS) -d -u -c $(top_builddir)/po/.intltool-merge-cache $(top_srcdir)/po $< $@'
INTLTOOL_THEME_RULE='%.theme:     %.theme.in     $(INTLTOOL_MERGE) $(wildcard $(top_srcdir)/po/*.po) ; $(INTLTOOL_V_MERGE)LC_ALL=C $(INTLTOOL_MERGE) $(INTLTOOL_V_MERGE_OPTIONS) -d -u -c $(top_builddir)/po/.intltool-merge-cache $(top_srcdir)/po $< $@'
INTLTOOL_UI_RULE='%.ui:        %.ui.in        $(INTLTOOL_MERGE) $(wildcard $(top_srcdir)/po/*.po) ; $(INTLTOOL_V_MERGE)LC_ALL=C $(INTLTOOL_MERGE) $(INTLTOOL_V_MERGE_OPTIONS) -x -u -c $(top_builddir)/po/.intltool-merge-cache $(top_srcdir)/po $< $@'
INTLTOOL_UPDATE='/usr/bin/intltool-update'
INTLTOOL_V_MERGE='$(INTLTOOL__v_MERGE_$(V))'
INTLTOOL_V_MERGE_OPTIONS='$(intltool__v_merge_options_$(V))'
INTLTOOL_XAM_RULE='%.xam:       %.xml.in       $(INTLTOOL_MERGE) $(wildcard $(top_srcdir)/po/*.po) ; $(INTLTOOL_V_MERGE)LC_ALL=C $(INTLTOOL_MERGE) $(INTLTOOL_V_MERGE_OPTIONS) -x -u -c $(top_builddir)/po/.intltool-merge-cache $(top_srcdir)/po $< $@'
INTLTOOL_XML_NOMERGE_RULE='%.xml:       %.xml.in       $(INTLTOOL_MERGE) ; $(INTLTOOL_V_MERGE)LC_ALL=C $(INTLTOOL_MERGE) $(INTLTOOL_V_MERGE_OPTIONS) -x -u --no-translations $< $@'
INTLTOOL_XML_RULE='%.xml:       %.xml.in       $(INTLTOOL_MERGE) $(wildcard $(top_srcdir)/po/*.po) ; $(INTLTOOL_V_MERGE)LC_ALL=C $(INTLTOOL_MERGE) $(INTLTOOL_V_MERGE_OPTIONS) -x -u -c $(top_builddir)/po/.intltool-merge-cache $(top_srcdir)/po $< $@'
INTLTOOL__v_MERGE_0='@echo "  ITMRG " $@;'
INTLTOOL__v_MERGE_='$(INTLTOOL__v_MERGE_$(AM_DEFAULT_VERBOSITY))'
KEYBOARD_CFLAGS='-pthread -I/usr/include/gtk-3.0 -I/usr/include/gio-unix-2.0/ -I/usr/include/cairo -I/usr/include/pango-1.0 -I/usr/include/gdk-pixbuf-2.0 -I/usr/include/glib-2.0 -I/usr/lib/x86_64-linux-gnu/glib-2.0/include -I/usr/include/pixman-1 -I/usr/include/freetype2 -I/usr/include/libpng12 -I/usr/include/libxml2  '
KEYBOARD_LIBS='-Wl,--export-dynamic -pthread -lgnomekbdui -lgnomekbd -lgmodule-2.0 -lrt -lglib-2.0 -lxklavier  '
LCMS_CFLAGS=' '
LCMS_LIBS='-llcms2  '
LD='/usr/bin/ld -m elf_x86_64'
LDFLAGS=''
LIBNOTIFY_CFLAGS='-pthread -I/usr/include/gdk-pixbuf-2.0 -I/usr/include/glib-2.0 -I/usr/lib/x86_64-linux-gnu/glib-2.0/include -I/usr/include/libpng12  '
LIBNOTIFY_LIBS='-lnotify -lgdk_pixbuf-2.0 -lgio-2.0 -lgobject-2.0 -lglib-2.0  '
LIBOBJS=''
LIBS=''
LIBTOOL='$(SHELL) $(top_builddir)/libtool'
LIBXML2_CFLAGS='-I/usr/include/libxml2  '
LIBXML2_LIBS='-lxml2  '
LIPO=''
LN_S='ln -s'
LTLIBOBJS=''
MAINT=''
MAINTAINER_MODE_FALSE='#'
MAINTAINER_MODE_TRUE=''
MAKEINFO='${SHELL} /home/longwei/Project/deepin-software/deepin-settings-daemon/missing --run makeinfo'
MANIFEST_TOOL=':'
MEDIA_KEYS_CFLAGS='-pthread -D_REENTRANT -I/usr/include/gio-unix-2.0/ -I/usr/include/glib-2.0 -I/usr/lib/x86_64-linux-gnu/glib-2.0/include -I/usr/include/gudev-1.0 -I/usr/include/gconf/2 -I/usr/include/dbus-1.0 -I/usr/lib/x86_64-linux-gnu/dbus-1.0/include -I/usr/include/gdk-pixbuf-2.0 -I/usr/include/libpng12  '
MEDIA_KEYS_LIBS='-lgudev-1.0 -lpulse-mainloop-glib -lpulse -lcanberra -lgconf-2 -lnotify -lgdk_pixbuf-2.0 -lgio-2.0 -lgobject-2.0 -lglib-2.0  '
MKDIR_P='/bin/mkdir -p'
MKINSTALLDIRS='./mkinstalldirs'
MOUSE_CFLAGS=' '
MOUSE_LIBS='-lX11 -lXi  '
MSGFMT='/usr/bin/msgfmt'
MSGFMT_OPTS='-c'
MSGMERGE='/usr/bin/msgmerge'
NM='/usr/bin/nm -B'
NMEDIT=''
NSS_CFLAGS='-I/usr/include/nss -I/usr/include/nspr  '
NSS_DATABASE='${prefix}/etc/pki/nssdb'
NSS_LIBS='-lnss3 -lnssutil3 -lsmime3 -lssl3 -lplds4 -lplc4 -lnspr4  '
OBJDUMP='objdump'
OBJEXT='o'
OTOOL64=''
OTOOL=''
PACKAGE='gnome-settings-daemon'
PACKAGEKIT_CFLAGS=''
PACKAGEKIT_LIBS=''
PACKAGE_BUGREPORT='http://bugzilla.gnome.org/enter_bug.cgi?product=gnome-settings-daemon'
PACKAGE_NAME='gnome-settings-daemon'
PACKAGE_STRING='gnome-settings-daemon 3.4.2'
PACKAGE_TARNAME='gnome-settings-daemon'
PACKAGE_URL=''
PACKAGE_VERSION='3.4.2'
PATH_SEPARATOR=':'
PKG_CONFIG='/usr/bin/pkg-config'
PKG_CONFIG_LIBDIR=''
PKG_CONFIG_PATH=''
PLUGIN_CFLAGS='-DG_LOG_DOMAIN="\"$(plugin_name)-plugin\""'
POFILES=''
POLKIT_CFLAGS='-pthread -I/usr/include/polkit-1 -I/usr/include/glib-2.0 -I/usr/lib/x86_64-linux-gnu/glib-2.0/include -I/usr/include/dbus-1.0 -I/usr/lib/x86_64-linux-gnu/dbus-1.0/include  '
POLKIT_LIBS='-lpolkit-gobject-1 -lgio-2.0 -ldbus-glib-1 -ldbus-1 -lpthread -lrt -lgobject-2.0 -lglib-2.0  '
POSUB='po'
PO_IN_DATADIR_FALSE=''
PO_IN_DATADIR_TRUE=''
RANLIB='ranlib'
SED='/bin/sed'
SETTINGS_DAEMON_CFLAGS='-pthread -I/usr/include/glib-2.0 -I/usr/lib/x86_64-linux-gnu/glib-2.0/include -I/usr/include/gtk-3.0 -I/usr/include/pango-1.0 -I/usr/include/gio-unix-2.0/ -I/usr/include/atk-1.0 -I/usr/include/cairo -I/usr/include/gdk-pixbuf-2.0 -I/usr/include/freetype2 -I/usr/include/pixman-1 -I/usr/include/libpng12 -I/usr/include/gconf/2 -I/usr/include/dbus-1.0 -I/usr/lib/x86_64-linux-gnu/dbus-1.0/include -I/usr/include/gsettings-desktop-schemas  '
SETTINGS_DAEMON_LIBS='-Wl,--export-dynamic -pthread -lgtk-3 -lgdk-3 -latk-1.0 -lpangocairo-1.0 -lgdk_pixbuf-2.0 -lcairo-gobject -lpango-1.0 -lcairo -lgio-2.0 -lgobject-2.0 -lgconf-2 -lgmodule-2.0 -lgthread-2.0 -lrt -lglib-2.0  '
SETTINGS_PLUGIN_CFLAGS='-pthread -I/usr/include/gtk-3.0 -I/usr/include/pango-1.0 -I/usr/include/gio-unix-2.0/ -I/usr/include/atk-1.0 -I/usr/include/cairo -I/usr/include/gdk-pixbuf-2.0 -I/usr/include/freetype2 -I/usr/include/glib-2.0 -I/usr/lib/x86_64-linux-gnu/glib-2.0/include -I/usr/include/pixman-1 -I/usr/include/libpng12 -I/usr/include/gconf/2 -I/usr/include/dbus-1.0 -I/usr/lib/x86_64-linux-gnu/dbus-1.0/include -I/usr/include/gsettings-desktop-schemas  '
SETTINGS_PLUGIN_LIBS='-lgtk-3 -lgdk-3 -latk-1.0 -lpangocairo-1.0 -lgdk_pixbuf-2.0 -lcairo-gobject -lpango-1.0 -lcairo -lgconf-2 -lgio-2.0 -lgobject-2.0 -lglib-2.0 -lX11  '
SET_MAKE=''
SHELL='/bin/bash'
SMARTCARD_SUPPORT_FALSE='#'
SMARTCARD_SUPPORT_TRUE=''
STRIP='strip'
SYSTEMD_CFLAGS=''
SYSTEMD_LIBS=''
UPOWER_CFLAGS='-pthread -D_REENTRANT -I/usr/include/dbus-1.0 -I/usr/lib/x86_64-linux-gnu/dbus-1.0/include -I/usr/include/glib-2.0 -I/usr/lib/x86_64-linux-gnu/glib-2.0/include -I/usr/include/gtk-3.0 -I/usr/include/pango-1.0 -I/usr/include/gio-unix-2.0/ -I/usr/include/atk-1.0 -I/usr/include/cairo -I/usr/include/gdk-pixbuf-2.0 -I/usr/include/freetype2 -I/usr/include/pixman-1 -I/usr/include/libpng12 -I/usr/include/libupower-glib  '
UPOWER_LIBS='-lupower-glib -lcanberra-gtk3 -lX11 -lcanberra -lgtk-3 -lgdk-3 -latk-1.0 -lgio-2.0 -lpangocairo-1.0 -lgdk_pixbuf-2.0 -lcairo-gobject -lpango-1.0 -lcairo -lgobject-2.0 -lglib-2.0  '
USE_NLS='yes'
VERSION='3.4.2'
WACOM_CFLAGS='-pthread -I/usr/include/libwacom-1.0 -I/usr/include/glib-2.0 -I/usr/lib/x86_64-linux-gnu/glib-2.0/include -I/usr/include/gudev-1.0 -I/usr/include/gtk-3.0 -I/usr/include/pango-1.0 -I/usr/include/gio-unix-2.0/ -I/usr/include/atk-1.0 -I/usr/include/cairo -I/usr/include/gdk-pixbuf-2.0 -I/usr/include/freetype2 -I/usr/include/pixman-1 -I/usr/include/libpng12 -I/usr/include/gnome-desktop-3.0 -I/usr/include/xorg -I/usr/include/gsettings-desktop-schemas  '
WACOM_LIBS='-lwacom -lX11 -lXi -lXtst -lgudev-1.0 -lgnome-desktop-3 -lgtk-3 -lgdk-3 -latk-1.0 -lgio-2.0 -lpangocairo-1.0 -lgdk_pixbuf-2.0 -lcairo-gobject -lpango-1.0 -lcairo -lgobject-2.0 -lglib-2.0  '
WARN_CFLAGS='-Wall -Wmissing-prototypes '
WITH_SYSTEMD_FALSE=''
WITH_SYSTEMD_TRUE='#'
XGETTEXT='/usr/bin/xgettext'
ac_ct_AR='ar'
ac_ct_CC='gcc'
ac_ct_CXX='g++'
ac_ct_DUMPBIN=''
all-am: $(gsettings_SCHEMAS:.xml=.valid)
am__EXEEXT_FALSE=''
am__EXEEXT_TRUE='#'
am__fastdepCC_FALSE='#'
am__fastdepCC_TRUE=''
am__fastdepCXX_FALSE='#'
am__fastdepCXX_TRUE=''
am__include='include'
am__isrc=''
am__leading_dot='.'
am__nodep='_no'
am__quote=''
am__tar='tar --format=ustar -chf - "$$tardir"'
am__untar='tar -xf -'
bindir='${exec_prefix}/bin'
build='x86_64-unknown-linux-gnu'
build_alias=''
build_cpu='x86_64'
build_os='linux-gnu'
build_vendor='unknown'
clean-gsettings-schemas:
datadir='${datarootdir}'
datarootdir='${prefix}/share'
docdir='${datarootdir}/doc/${PACKAGE_TARNAME}'
dvidir='${docdir}'
endif'
exec_prefix='${prefix}'
gsettings__enum_file = $(addsuffix .enums.xml,$(gsettings_ENUM_NAMESPACE))
gsettingsschemadir='${datarootdir}/glib-2.0/schemas'
host='x86_64-unknown-linux-gnu'
host_alias=''
host_cpu='x86_64'
host_os='linux-gnu'
host_vendor='unknown'
htmldir='${docdir}'
ifdef gsettings_ENUM_NAMESPACE
includedir='${prefix}/include'
infodir='${datarootdir}/info'
install-data-am: install-gsettings-schemas
install-gsettings-schemas: $(gsettings_SCHEMAS) $(gsettings__enum_file)
install_sh='${SHELL} /home/longwei/Project/deepin-software/deepin-settings-daemon/install-sh'
intltool__v_merge_options_0='-q'
intltool__v_merge_options_='$(intltool__v_merge_options_$(AM_DEFAULT_VERBOSITY))'
libdir='${exec_prefix}/lib'
libexecdir='/usr/lib/gnome-settings-daemon'
localedir='${datarootdir}/locale'
localstatedir='${prefix}/var'
mandir='${datarootdir}/man'
mkdir_p='/bin/mkdir -p'
mostlyclean-am: clean-gsettings-schemas
oldincludedir='/usr/include'
pdfdir='${docdir}'
plugindir='$(libdir)/gnome-settings-daemon-3.0'
prefix='/usr'
program_transform_name='s,x,x,'
psdir='${docdir}'
sbindir='${exec_prefix}/sbin'
sharedstatedir='${prefix}/com'
sysconfdir='${prefix}/etc'
target_alias=''
uninstall-am: uninstall-gsettings-schemas
uninstall-gsettings-schemas:

## ----------- ##
## confdefs.h. ##
## ----------- ##

/* confdefs.h */
#define PACKAGE_NAME "gnome-settings-daemon"
#define PACKAGE_TARNAME "gnome-settings-daemon"
#define PACKAGE_VERSION "3.4.2"
#define PACKAGE_STRING "gnome-settings-daemon 3.4.2"
#define PACKAGE_BUGREPORT "http://bugzilla.gnome.org/enter_bug.cgi?product=gnome-settings-daemon"
#define PACKAGE_URL ""
#define PACKAGE "gnome-settings-daemon"
#define VERSION "3.4.2"
#define STDC_HEADERS 1
#define HAVE_SYS_TYPES_H 1
#define HAVE_SYS_STAT_H 1
#define HAVE_STDLIB_H 1
#define HAVE_STRING_H 1
#define HAVE_MEMORY_H 1
#define HAVE_STRINGS_H 1
#define HAVE_INTTYPES_H 1
#define HAVE_STDINT_H 1
#define HAVE_UNISTD_H 1
#define HAVE_DLFCN_H 1
#define LT_OBJDIR ".libs/"
#define STDC_HEADERS 1
#define GETTEXT_PACKAGE "gnome-settings-daemon"
#define HAVE_LOCALE_H 1
#define HAVE_LC_MESSAGES 1
#define HAVE_BIND_TEXTDOMAIN_CODESET 1
#define HAVE_GETTEXT 1
#define HAVE_DCGETTEXT 1
#define ENABLE_NLS 1
#define HAVE_NEW_LCMS 1
#define HAVE_GUDEV 1
#define HAVE_APPINDICATOR 1
#define SMARTCARD_SUPPORT 1
#define HAVE_POLKIT 1
#define HAVE_CUPS_CUPS_H 1
#define HAVE_CUPS_HTTP_H 1
#define HAVE_CUPS_IPP_H 1

configure: exit 0

## ---------------------- ##
## Running config.status. ##
## ---------------------- ##

This file was extended by gnome-settings-daemon config.status 3.4.2, which was
generated by GNU Autoconf 2.68.  Invocation command line was

  CONFIG_FILES    = 
  CONFIG_HEADERS  = 
  CONFIG_LINKS    = 
  CONFIG_COMMANDS = 
  $ ./config.status config.h

on longwei

config.status:1452: creating config.h
config.status:1633: config.h is unchanged
